55.3211 	WARNING 	User requested fullscreen with size [1280  800], but screen is actually [1920, 1200]. Using actual size
56.0398 	EXP 	Created window1 = Window(allowGUI=False, allowStencil=False, autoLog=True, backendConf=UNKNOWN, backgroundFit=<method-wrapper '__getattribute__' of attributeSetter object at 0x00000279146DA890>, backgroundImage=<method-wrapper '__getattribute__' of attributeSetter object at 0x00000279146DA830>, bitsMode=UNKNOWN, blendMode='avg', bpc=(8, 8, 8), color=array([0, 0, 0]), colorSpace='rgb', depthBits=8, fullscr=True, gamma=None, gammaErrorPolicy='raise', infoMsg=UNKNOWN, lms=UNKNOWN, monitor=<psychopy.monitors.calibTools.Monitor object at 0x00000279149C8250>, multiSample=False, name='window1', numSamples=2, pos=[np.float64(0.0), np.float64(0.0)], screen=0, size=array([1920, 1200]), stencilBits=0, stereo=False, title='PsychoPy', units='height', useFBO=True, useRetina=False, viewOri=0.0, viewPos=None, viewScale=None, waitBlanking=True, winType='pyglet')
56.0400 	EXP 	window1: backgroundImage = ''
56.0400 	EXP 	window1: backgroundFit = 'none'
56.4435 	EXP 	window1: Attempting to measure frame rate of screen (0) ...
56.4436 	EXP 	window1: recordFrameIntervals = False
56.6233 	EXP 	window1: recordFrameIntervals = True
57.4750 	EXP 	window1: recordFrameIntervals = False
57.4750 	EXP 	Screen (0) actual frame rate measured at 119.39Hz
60.3428 	EXP 	stroop: status = STARTED
60.5050 	EXP 	Created instrText = TextStim(__class__=<class 'psychopy.visual.text.TextStim'>, alignHoriz=method-wrapper(...), alignText='center', alignVert=method-wrapper(...), anchorHoriz='center', anchorVert='center', antialias=True, autoDraw=False, autoLog=True, bold=False, color=array([1., 1., 1.]), colorSpace='rgb', contrast=1.0, depth=0.0, draggable=False, flipHoriz=False, flipVert=False, font='Arial', fontFiles=[], height=np.float64(0.05), italic=False, languageStyle='LTR', name='instrText', opacity=1, ori=0, pos=array([0., 0.]), rgb=UNKNOWN, text=str(...), units='height', win=Window(...), wrapWidth=1)
60.5109 	EXP 	Created word = TextStim(__class__=<class 'psychopy.visual.text.TextStim'>, alignHoriz=method-wrapper(...), alignText='center', alignVert=method-wrapper(...), anchorHoriz='center', anchorVert='center', antialias=True, autoDraw=False, autoLog=True, bold=False, color=array([1., 1., 1.]), colorSpace='rgb', contrast=1.0, depth=0.0, draggable=False, flipHoriz=False, flipVert=False, font='Arial', fontFiles=[], height=0.15, italic=False, languageStyle='LTR', name='word', opacity=1, ori=0, pos=array([0., 0.]), rgb=UNKNOWN, text='', units='height', win=Window(...), wrapWidth=1)
66.3742 	EXP 	Created thanksText = TextStim(__class__=<class 'psychopy.visual.text.TextStim'>, alignHoriz=method-wrapper(...), alignText='center', alignVert=method-wrapper(...), anchorHoriz='center', anchorVert='center', antialias=True, autoDraw=False, autoLog=True, bold=False, color=array([1., 1., 1.]), colorSpace='rgb', contrast=1.0, depth=0.0, draggable=False, flipHoriz=False, flipVert=False, font='Arial', fontFiles=[], height=np.float64(0.05), italic=False, languageStyle='LTR', name='thanksText', opacity=1, ori=0, pos=array([0., 0.]), rgb=UNKNOWN, text=str(...), units='height', win=Window(...), wrapWidth=1)
0.0311 	EXP 	instrText: autoDraw = True
10.8449 	DATA 	Mouse: Left button down, pos=(1644,404)
11.0610 	DATA 	Mouse:  Left button up, pos=(1644,404)
11.3078 	EXP 	Device response: <KeyPress from None: t=11.302297900001577, value=space, duration=None>
11.3254 	EXP 	Imported trialTypes.xlsx as conditions, 12 conditions, 4 params
11.3262 	EXP 	New trial (rep=0, index=0): <Trial 0 (0 in rep 0) data={'text': 'red', 'letterColor': 'red', 'corrAns': 'left', 'congruent': 1, 'thisN': 0, 'thisTrialN': 0, 'thisRepN': 0}>
11.3378 	DATA 	Keypress: space
11.3426 	EXP 	instrText: autoDraw = False
11.3426 	EXP 	word: foreColor = <psychopy.colors.Color: red, alpha=1.0>
11.3426 	EXP 	word: height = np.float64(0.15)
11.3426 	EXP 	word: height = np.float64(0.15)
11.3426 	EXP 	word: height = np.float64(0.15)
11.3426 	EXP 	word: text = 'red'
11.3504 	EXP 	Device response: <KeyPress from None: t=11.302297900001577, value=space, duration=0.04344149999815272>
11.8002 	EXP 	word: autoDraw = True
12.5680 	EXP 	Device response: <KeyPress from None: t=12.562915700000303, value=left, duration=None>
12.5686 	EXP 	New trial (rep=0, index=1): <Trial 1 (1 in rep 0) data={'text': 'red', 'letterColor': 'red', 'corrAns': 'left', 'congruent': 1, 'thisN': 1, 'thisTrialN': 1, 'thisRepN': 0}>
12.5705 	DATA 	Keypress: left
12.5763 	EXP 	word: autoDraw = False
12.5763 	EXP 	word: foreColor = <psychopy.colors.Color: red, alpha=1.0>
12.5763 	EXP 	word: text = 'red'
12.6261 	EXP 	Device response: <KeyPress from None: t=12.562915700000303, value=left, duration=0.05568190000485629>
13.0669 	EXP 	word: autoDraw = True
13.5764 	EXP 	Device response: <KeyPress from None: t=13.572780700000294, value=left, duration=None>
13.5770 	EXP 	New trial (rep=0, index=2): <Trial 2 (2 in rep 0) data={'text': 'green', 'letterColor': 'blue', 'corrAns': 'right', 'congruent': 0, 'thisN': 2, 'thisTrialN': 2, 'thisRepN': 0}>
13.5844 	DATA 	Keypress: left
13.5891 	EXP 	word: autoDraw = False
13.5891 	EXP 	word: foreColor = <psychopy.colors.Color: blue, alpha=1.0>
13.5891 	EXP 	word: height = np.float64(0.15)
13.5891 	EXP 	word: height = np.float64(0.15)
13.5891 	EXP 	word: height = np.float64(0.15)
13.5891 	EXP 	word: text = 'green'
13.6601 	EXP 	Device response: <KeyPress from None: t=13.572780700000294, value=left, duration=0.08329310000408441>
14.0753 	EXP 	word: autoDraw = True
14.8681 	EXP 	Device response: <KeyPress from None: t=14.865761699998984, value=down, duration=None>
14.8687 	EXP 	New trial (rep=0, index=3): <Trial 3 (3 in rep 0) data={'text': 'red ', 'letterColor': 'blue', 'corrAns': 'right', 'congruent': 0, 'thisN': 3, 'thisTrialN': 3, 'thisRepN': 0}>
14.8752 	DATA 	Keypress: down
14.8806 	EXP 	word: autoDraw = False
14.8806 	EXP 	word: foreColor = <psychopy.colors.Color: blue, alpha=1.0>
14.8806 	EXP 	word: height = np.float64(0.15)
14.8806 	EXP 	word: height = np.float64(0.15)
14.8806 	EXP 	word: height = np.float64(0.15)
14.8806 	EXP 	word: text = 'red '
14.9352 	EXP 	Device response: <KeyPress from None: t=14.865761699998984, value=down, duration=0.06339610000577522>
15.3675 	EXP 	word: autoDraw = True
16.9639 	EXP 	Device response: <KeyPress from None: t=16.96289280000201, value=right, duration=None>
16.9652 	DATA 	Keypress: right
16.9723 	EXP 	New trial (rep=0, index=4): <Trial 4 (4 in rep 0) data={'text': 'green', 'letterColor': 'green', 'corrAns': 'down', 'congruent': 1, 'thisN': 4, 'thisTrialN': 4, 'thisRepN': 0}>
16.9803 	EXP 	word: autoDraw = False
16.9803 	EXP 	word: foreColor = <psychopy.colors.Color: green, alpha=1.0>
16.9803 	EXP 	word: height = np.float64(0.15)
16.9803 	EXP 	word: height = np.float64(0.15)
16.9803 	EXP 	word: height = np.float64(0.15)
16.9803 	EXP 	word: text = 'green'
17.0468 	EXP 	Device response: <KeyPress from None: t=16.96289280000201, value=right, duration=0.07699030000367202>
17.4699 	EXP 	word: autoDraw = True
18.1045 	EXP 	Device response: <KeyPress from None: t=18.09790090000024, value=down, duration=None>
18.1051 	EXP 	New trial (rep=0, index=5): <Trial 5 (5 in rep 0) data={'text': 'blue', 'letterColor': 'red', 'corrAns': 'left', 'congruent': 0, 'thisN': 5, 'thisTrialN': 5, 'thisRepN': 0}>
18.1141 	DATA 	Keypress: down
18.1195 	EXP 	word: autoDraw = False
18.1195 	EXP 	word: foreColor = <psychopy.colors.Color: red, alpha=1.0>
18.1195 	EXP 	word: height = np.float64(0.15)
18.1195 	EXP 	word: height = np.float64(0.15)
18.1195 	EXP 	word: height = np.float64(0.15)
18.1195 	EXP 	word: text = 'blue'
18.1888 	EXP 	Device response: <KeyPress from None: t=18.09790090000024, value=down, duration=0.08886720000009518>
18.5956 	EXP 	word: autoDraw = True
19.6141 	EXP 	Device response: <KeyPress from None: t=19.61016770000424, value=left, duration=None>
19.6146 	EXP 	New trial (rep=0, index=6): <Trial 6 (6 in rep 0) data={'text': 'blue', 'letterColor': 'blue', 'corrAns': 'right', 'congruent': 1, 'thisN': 6, 'thisTrialN': 6, 'thisRepN': 0}>
19.6161 	DATA 	Keypress: left
19.6214 	EXP 	word: autoDraw = False
19.6214 	EXP 	word: foreColor = <psychopy.colors.Color: blue, alpha=1.0>
19.6214 	EXP 	word: text = 'blue'
19.7058 	EXP 	Device response: <KeyPress from None: t=19.61016770000424, value=left, duration=0.0941095000016503>
20.1133 	EXP 	word: autoDraw = True
20.7569 	EXP 	Device response: <KeyPress from None: t=20.755768800001533, value=down, duration=None>
20.7583 	DATA 	Keypress: down
20.7658 	EXP 	New trial (rep=0, index=7): <Trial 7 (7 in rep 0) data={'text': 'red', 'letterColor': 'green', 'corrAns': 'down', 'congruent': 0, 'thisN': 7, 'thisTrialN': 7, 'thisRepN': 0}>
20.7765 	EXP 	word: autoDraw = False
20.7765 	EXP 	word: foreColor = <psychopy.colors.Color: green, alpha=1.0>
20.7765 	EXP 	word: height = np.float64(0.15)
20.7765 	EXP 	word: height = np.float64(0.15)
20.7765 	EXP 	word: height = np.float64(0.15)
20.7765 	EXP 	word: text = 'red'
20.8315 	EXP 	Device response: <KeyPress from None: t=20.755768800001533, value=down, duration=0.07415839999885065>
21.2639 	EXP 	word: autoDraw = True
22.9897 	EXP 	Device response: <KeyPress from None: t=22.98392690000037, value=down, duration=None>
22.9905 	EXP 	New trial (rep=0, index=8): <Trial 8 (8 in rep 0) data={'text': 'green', 'letterColor': 'red', 'corrAns': 'left', 'congruent': 0, 'thisN': 8, 'thisTrialN': 8, 'thisRepN': 0}>
22.9965 	DATA 	Keypress: down
23.0016 	EXP 	word: autoDraw = False
23.0016 	EXP 	word: foreColor = <psychopy.colors.Color: red, alpha=1.0>
23.0016 	EXP 	word: height = np.float64(0.15)
23.0016 	EXP 	word: height = np.float64(0.15)
23.0016 	EXP 	word: height = np.float64(0.15)
23.0016 	EXP 	word: text = 'green'
23.0814 	EXP 	Device response: <KeyPress from None: t=22.98392690000037, value=down, duration=0.09046379999927012>
23.4947 	EXP 	word: autoDraw = True
24.2502 	EXP 	Device response: <KeyPress from None: t=24.24880970000231, value=left, duration=None>
24.2512 	EXP 	New trial (rep=0, index=9): <Trial 9 (9 in rep 0) data={'text': 'blue', 'letterColor': 'green', 'corrAns': 'down', 'congruent': 0, 'thisN': 9, 'thisTrialN': 9, 'thisRepN': 0}>
24.2576 	DATA 	Keypress: left
24.2633 	EXP 	word: autoDraw = False
24.2633 	EXP 	word: foreColor = <psychopy.colors.Color: green, alpha=1.0>
24.2633 	EXP 	word: height = np.float64(0.15)
24.2633 	EXP 	word: height = np.float64(0.15)
24.2633 	EXP 	word: height = np.float64(0.15)
24.2633 	EXP 	word: text = 'blue'
24.3340 	EXP 	Device response: <KeyPress from None: t=24.24880970000231, value=left, duration=0.0828179000018281>
24.7485 	EXP 	word: autoDraw = True
25.6438 	EXP 	Device response: <KeyPress from None: t=25.640310800001316, value=down, duration=None>
25.6447 	EXP 	New trial (rep=0, index=10): <Trial 10 (10 in rep 0) data={'text': 'blue', 'letterColor': 'blue', 'corrAns': 'left', 'congruent': 1, 'thisN': 10, 'thisTrialN': 10, 'thisRepN': 0}>
25.6469 	DATA 	Keypress: down
25.6520 	EXP 	word: autoDraw = False
25.6520 	EXP 	word: foreColor = <psychopy.colors.Color: blue, alpha=1.0>
25.6520 	EXP 	word: text = 'blue'
25.7168 	EXP 	Device response: <KeyPress from None: t=25.640310800001316, value=down, duration=0.07100509999872884>
26.1401 	EXP 	word: autoDraw = True
26.7178 	DATA 	Keypress: right
26.7255 	EXP 	Device response: <KeyPress from None: t=26.716660300000513, value=right, duration=None>
26.7264 	EXP 	New trial (rep=0, index=11): <Trial 11 (11 in rep 0) data={'text': 'green', 'letterColor': 'green', 'corrAns': 'down', 'congruent': 1, 'thisN': 11, 'thisTrialN': 11, 'thisRepN': 0}>
26.7391 	EXP 	word: autoDraw = False
26.7391 	EXP 	word: foreColor = <psychopy.colors.Color: green, alpha=1.0>
26.7391 	EXP 	word: height = np.float64(0.15)
26.7391 	EXP 	word: height = np.float64(0.15)
26.7391 	EXP 	word: height = np.float64(0.15)
26.7391 	EXP 	word: text = 'green'
26.8006 	EXP 	Device response: <KeyPress from None: t=26.716660300000513, value=right, duration=0.0810090000013588>
27.2249 	EXP 	word: autoDraw = True
28.3492 	EXP 	Device response: <KeyPress from None: t=28.346937400005118, value=down, duration=None>
28.3539 	DATA 	Keypress: down
28.3599 	EXP 	word: autoDraw = False
28.3599 	EXP 	thanksText: autoDraw = True
28.4385 	EXP 	Device response: <KeyPress from None: t=28.346937400005118, value=down, duration=0.08795259999897098>
30.3530 	EXP 	thanksText: autoDraw = False
30.3530 	EXP 	thanksText: autoDraw = False
30.3533 	EXP 	stroop: status = STOPPED
