27.5278 	WARNING 	User requested fullscreen with size [1024  768], but screen is actually [1920, 1200]. Using actual size
28.0778 	EXP 	Created window1 = Window(allowGUI=False, allowStencil=False, autoLog=True, backendConf=UNKNOWN, backgroundFit=<method-wrapper '__getattribute__' of attributeSetter object at 0x000001621B418F70>, backgroundImage=<method-wrapper '__getattribute__' of attributeSetter object at 0x000001621B418F10>, bitsMode=UNKNOWN, blendMode='avg', bpc=(8, 8, 8), color=array([0, 0, 0]), colorSpace='rgb', depthBits=8, fullscr=True, gamma=None, gammaErrorPolicy='raise', infoMsg=UNKNOWN, lms=UNKNOWN, monitor=<psychopy.monitors.calibTools.Monitor object at 0x000001621B4C6A10>, multiSample=False, name='window1', numSamples=2, pos=[np.float64(0.0), np.float64(0.0)], screen=0, size=array([1920, 1200]), stencilBits=0, stereo=False, title='PsychoPy', units='height', useFBO=True, useRetina=False, viewOri=0.0, viewPos=None, viewScale=None, waitBlanking=True, winType='pyglet')
28.0781 	EXP 	window1: backgroundImage = ''
28.0781 	EXP 	window1: backgroundFit = 'none'
28.5038 	EXP 	window1: Attempting to measure frame rate of screen (0) ...
28.5039 	EXP 	window1: recordFrameIntervals = False
28.6924 	EXP 	window1: recordFrameIntervals = True
29.6237 	EXP 	window1: recordFrameIntervals = False
29.6238 	EXP 	Screen (0) actual frame rate measured at 116.76Hz
29.8289 	EXP 	untitled: status = STARTED
29.9906 	EXP 	Created instructions_2 = TextStim(__class__=<class 'psychopy.visual.text.TextStim'>, alignHoriz=method-wrapper(...), alignText='center', alignVert=method-wrapper(...), anchorHoriz='center', anchorVert='center', antialias=True, autoDraw=False, autoLog=True, bold=False, color=array([1., 1., 1.]), colorSpace='rgb', contrast=1.0, depth=0.0, draggable=False, flipHoriz=False, flipVert=False, font='Arial', fontFiles=[], height=np.float64(0.05), italic=False, languageStyle='LTR', name='instructions_2', opacity=1, ori=0, pos=array([0., 0.]), rgb=UNKNOWN, text=str(...), units='height', win=Window(...), wrapWidth=1)
29.9968 	EXP 	Created fixation_1 = TextStim(__class__=<class 'psychopy.visual.text.TextStim'>, alignHoriz=method-wrapper(...), alignText='center', alignVert=method-wrapper(...), anchorHoriz='center', anchorVert='center', antialias=True, autoDraw=False, autoLog=True, bold=False, color=array([1., 1., 1.]), colorSpace='rgb', contrast=1.0, depth=0.0, draggable=False, flipHoriz=False, flipVert=False, font='Arial', fontFiles=[], height=np.float64(0.05), italic=False, languageStyle='LTR', name='fixation_1', opacity=1, ori=0, pos=array([0., 0.]), rgb=UNKNOWN, text='+', units='height', win=Window(...), wrapWidth=1)
29.9981 	WARNING 	Requested image 'grid' not found but similar filename 'grid.png' exists. This will be used instead but changing the filename is advised.
30.0748 	EXP 	Created grid_lines_2 = ImageStim(__class__=<class 'psychopy.visual.image.ImageStim'>, anchor=('center', 'center'), autoLog=True, color=array([1., 1., 1.]), colorSpace='rgb', contrast=1.0, depth=0.0, draggable=False, flipHoriz=np.False_, flipVert=np.False_, image='grid', interpolate=True, mask=None, maskParams=None, name='grid_lines_2', opacity=1, ori=0.0, pos=array([0., 0.]), size=array([0.6, 0.6]), texRes=128, units='height', win=Window(...))
30.0784 	EXP 	Created target_square_2 = Rect(__class__=<class 'psychopy.visual.rect.Rect'>, anchor=('center', 'center'), autoDraw=False, autoLog=True, closeShape=True, color=method-wrapper(...), colorSpace='rgb', contrast=None, depth=-1.0, draggable=False, fillColor=array([1., 1., 1.]), fillColorSpace='rgb', fillRGB=array([1., 1., 1.]), interpolate=True, lineColor=array([0., 0., 0.]), lineColorSpace='rgb', lineRGB=array([0, 0, 0]), lineWidth=1, name='target_square_2', opacity=1, ori=0.0, pos=array([0., 0.]), size=array([0.15, 0.15]), units='height', vertices=ndarray(...), win=Window(...))
30.0813 	EXP 	Created fixation_3 = TextStim(__class__=<class 'psychopy.visual.text.TextStim'>, alignHoriz=method-wrapper(...), alignText='center', alignVert=method-wrapper(...), anchorHoriz='center', anchorVert='center', antialias=True, autoDraw=False, autoLog=True, bold=False, color=array([1., 1., 1.]), colorSpace='rgb', contrast=1.0, depth=-2.0, draggable=False, flipHoriz=False, flipVert=False, font='Arial', fontFiles=[], height=np.float64(0.05), italic=False, languageStyle='LTR', name='fixation_3', opacity=1, ori=0, pos=array([0., 0.]), rgb=UNKNOWN, text='+', units='height', win=Window(...), wrapWidth=1)
30.1915 	EXP 	Created thank_you = TextStim(__class__=<class 'psychopy.visual.text.TextStim'>, alignHoriz=method-wrapper(...), alignText='center', alignVert=method-wrapper(...), anchorHoriz='center', anchorVert='center', antialias=True, autoDraw=False, autoLog=True, bold=False, color=array([1., 1., 1.]), colorSpace='rgb', contrast=1.0, depth=0.0, draggable=False, flipHoriz=False, flipVert=False, font='Arial', fontFiles=[], height=np.float64(0.1), italic=False, languageStyle='LTR', name='thank_you', opacity=1, ori=0, pos=array([0., 0.]), rgb=UNKNOWN, text=str(...), units='height', win=Window(...), wrapWidth=1)
0.0222 	EXP 	instructions_2: autoDraw = True
5.4924 	DATA 	Mouse: Left button down, pos=(1324,597)
5.4930 	DATA 	Mouse:  Left button up, pos=(1324,597)
6.8032 	DATA 	Keypress: space
6.8243 	EXP 	Device response: <KeyPress from None: t=6.802879300026689, value=space, duration=None>
6.8315 	EXP 	instructions_2: autoDraw = False
6.8315 	EXP 	fixation_1: autoDraw = True
6.8602 	EXP 	Device response: <KeyPress from None: t=6.802879300026689, value=space, duration=0.05051430000457913>
7.8296 	EXP 	Imported Nback-trial-1.xlsx as conditions, 28 conditions, 2 params
7.8312 	EXP 	New trial (rep=0, index=0): <Trial 0 (0 in rep 0) data={'location': [0, 0], 'corrAns': None, 'thisN': 0, 'thisTrialN': 0, 'thisRepN': 0}>
7.8436 	EXP 	fixation_1: autoDraw = False
7.8436 	EXP 	fixation_1: autoDraw = False
7.8436 	EXP 	grid_lines_2: autoDraw = True
7.8436 	EXP 	target_square_2: autoDraw = True
8.8192 	EXP 	fixation_3: autoDraw = True
8.8357 	EXP 	target_square_2: autoDraw = False
9.8191 	EXP 	fixation_3: autoDraw = False
9.8274 	EXP 	New trial (rep=0, index=1): <Trial 1 (1 in rep 0) data={'location': [0.2, 0], 'corrAns': None, 'thisN': 1, 'thisTrialN': 1, 'thisRepN': 0}>
9.8348 	EXP 	grid_lines_2: autoDraw = False
9.8348 	EXP 	target_square_2: autoDraw = False
9.8348 	EXP 	fixation_3: autoDraw = False
9.8348 	EXP 	grid_lines_2: autoDraw = True
9.8348 	EXP 	target_square_2: autoDraw = True
10.8205 	EXP 	fixation_3: autoDraw = True
10.8282 	EXP 	target_square_2: autoDraw = False
11.8117 	EXP 	fixation_3: autoDraw = False
11.8215 	EXP 	New trial (rep=0, index=2): <Trial 2 (2 in rep 0) data={'location': [0, 0], 'corrAns': 'space', 'thisN': 2, 'thisTrialN': 2, 'thisRepN': 0}>
11.8292 	EXP 	grid_lines_2: autoDraw = False
11.8292 	EXP 	grid_lines_2: autoDraw = False
11.8292 	EXP 	target_square_2: autoDraw = False
11.8292 	EXP 	fixation_3: autoDraw = False
11.8292 	EXP 	grid_lines_2: autoDraw = True
11.8292 	EXP 	target_square_2: autoDraw = True
12.4686 	EXP 	Device response: <KeyPress from None: t=12.466891999996733, value=space, duration=None>
12.4697 	DATA 	Keypress: space
12.5717 	EXP 	Device response: <KeyPress from None: t=12.466891999996733, value=space, duration=0.09753160004038364>
12.8204 	EXP 	fixation_3: autoDraw = True
12.8278 	EXP 	target_square_2: autoDraw = False
13.8112 	EXP 	fixation_3: autoDraw = False
13.8209 	EXP 	New trial (rep=0, index=3): <Trial 3 (3 in rep 0) data={'location': [-0.2, 0.2], 'corrAns': None, 'thisN': 3, 'thisTrialN': 3, 'thisRepN': 0}>
13.8281 	EXP 	grid_lines_2: autoDraw = False
13.8281 	EXP 	grid_lines_2: autoDraw = False
13.8281 	EXP 	target_square_2: autoDraw = False
13.8281 	EXP 	fixation_3: autoDraw = False
13.8281 	EXP 	grid_lines_2: autoDraw = True
13.8281 	EXP 	target_square_2: autoDraw = True
14.8209 	EXP 	target_square_2: autoDraw = False
14.8209 	EXP 	fixation_3: autoDraw = True
15.8155 	EXP 	fixation_3: autoDraw = False
15.8161 	EXP 	New trial (rep=0, index=4): <Trial 4 (4 in rep 0) data={'location': [0.2, -0.2], 'corrAns': None, 'thisN': 4, 'thisTrialN': 4, 'thisRepN': 0}>
15.8221 	EXP 	grid_lines_2: autoDraw = False
15.8221 	EXP 	grid_lines_2: autoDraw = False
15.8221 	EXP 	target_square_2: autoDraw = False
15.8221 	EXP 	fixation_3: autoDraw = False
15.8221 	EXP 	grid_lines_2: autoDraw = True
15.8221 	EXP 	target_square_2: autoDraw = True
16.8142 	EXP 	target_square_2: autoDraw = False
16.8217 	EXP 	fixation_3: autoDraw = True
17.8087 	EXP 	New trial (rep=0, index=5): <Trial 5 (5 in rep 0) data={'location': [-0.2, 0], 'corrAns': None, 'thisN': 5, 'thisTrialN': 5, 'thisRepN': 0}>
17.8155 	EXP 	grid_lines_2: autoDraw = False
17.8155 	EXP 	fixation_3: autoDraw = False
17.8155 	EXP 	grid_lines_2: autoDraw = False
17.8155 	EXP 	target_square_2: autoDraw = False
17.8155 	EXP 	fixation_3: autoDraw = False
17.8155 	EXP 	grid_lines_2: autoDraw = True
17.8155 	EXP 	target_square_2: autoDraw = True
18.8135 	EXP 	target_square_2: autoDraw = False
18.8216 	EXP 	fixation_3: autoDraw = True
19.8045 	EXP 	grid_lines_2: autoDraw = False
19.8052 	EXP 	New trial (rep=0, index=6): <Trial 6 (6 in rep 0) data={'location': [0, -0.2], 'corrAns': None, 'thisN': 6, 'thisTrialN': 6, 'thisRepN': 0}>
19.8138 	EXP 	fixation_3: autoDraw = False
19.8138 	EXP 	grid_lines_2: autoDraw = False
19.8138 	EXP 	target_square_2: autoDraw = False
19.8138 	EXP 	fixation_3: autoDraw = False
19.8210 	EXP 	grid_lines_2: autoDraw = True
19.8210 	EXP 	target_square_2: autoDraw = True
20.8118 	EXP 	target_square_2: autoDraw = False
20.8200 	EXP 	fixation_3: autoDraw = True
21.8044 	EXP 	New trial (rep=0, index=7): <Trial 7 (7 in rep 0) data={'location': [0.2, 0.2], 'corrAns': None, 'thisN': 7, 'thisTrialN': 7, 'thisRepN': 0}>
21.8114 	EXP 	grid_lines_2: autoDraw = False
21.8114 	EXP 	fixation_3: autoDraw = False
21.8114 	EXP 	grid_lines_2: autoDraw = False
21.8114 	EXP 	target_square_2: autoDraw = False
21.8114 	EXP 	fixation_3: autoDraw = False
21.8203 	EXP 	grid_lines_2: autoDraw = True
21.8203 	EXP 	target_square_2: autoDraw = True
22.8119 	EXP 	target_square_2: autoDraw = False
22.8195 	EXP 	fixation_3: autoDraw = True
23.8050 	EXP 	New trial (rep=0, index=8): <Trial 8 (8 in rep 0) data={'location': [0, -0.2], 'corrAns': 'space', 'thisN': 8, 'thisTrialN': 8, 'thisRepN': 0}>
23.8123 	EXP 	grid_lines_2: autoDraw = False
23.8123 	EXP 	fixation_3: autoDraw = False
23.8123 	EXP 	grid_lines_2: autoDraw = False
23.8123 	EXP 	target_square_2: autoDraw = False
23.8123 	EXP 	fixation_3: autoDraw = False
23.8213 	EXP 	grid_lines_2: autoDraw = True
23.8213 	EXP 	target_square_2: autoDraw = True
24.3549 	EXP 	Device response: <KeyPress from None: t=24.350896200048737, value=space, duration=None>
24.3563 	DATA 	Keypress: space
24.4876 	EXP 	Device response: <KeyPress from None: t=24.350896200048737, value=space, duration=0.13608369999565184>
24.8128 	EXP 	target_square_2: autoDraw = False
24.8213 	EXP 	fixation_3: autoDraw = True
25.8078 	EXP 	New trial (rep=0, index=9): <Trial 9 (9 in rep 0) data={'location': [0, 0], 'corrAns': None, 'thisN': 9, 'thisTrialN': 9, 'thisRepN': 0}>
25.8151 	EXP 	grid_lines_2: autoDraw = False
25.8151 	EXP 	fixation_3: autoDraw = False
25.8151 	EXP 	grid_lines_2: autoDraw = False
25.8151 	EXP 	target_square_2: autoDraw = False
25.8151 	EXP 	fixation_3: autoDraw = False
25.8151 	EXP 	grid_lines_2: autoDraw = True
25.8151 	EXP 	target_square_2: autoDraw = True
26.8130 	EXP 	target_square_2: autoDraw = False
26.8206 	EXP 	fixation_3: autoDraw = True
27.8055 	EXP 	New trial (rep=0, index=10): <Trial 10 (10 in rep 0) data={'location': [0.2, 0], 'corrAns': None, 'thisN': 10, 'thisTrialN': 10, 'thisRepN': 0}>
27.8121 	EXP 	grid_lines_2: autoDraw = False
27.8121 	EXP 	fixation_3: autoDraw = False
27.8121 	EXP 	grid_lines_2: autoDraw = False
27.8121 	EXP 	target_square_2: autoDraw = False
27.8121 	EXP 	fixation_3: autoDraw = False
27.8210 	EXP 	grid_lines_2: autoDraw = True
27.8210 	EXP 	target_square_2: autoDraw = True
28.8120 	EXP 	target_square_2: autoDraw = False
28.8217 	EXP 	fixation_3: autoDraw = True
29.8050 	EXP 	New trial (rep=0, index=11): <Trial 11 (11 in rep 0) data={'location': [0, 0], 'corrAns': 'space', 'thisN': 11, 'thisTrialN': 11, 'thisRepN': 0}>
29.8124 	EXP 	grid_lines_2: autoDraw = False
29.8124 	EXP 	fixation_3: autoDraw = False
29.8124 	EXP 	grid_lines_2: autoDraw = False
29.8124 	EXP 	target_square_2: autoDraw = False
29.8124 	EXP 	fixation_3: autoDraw = False
29.8210 	EXP 	grid_lines_2: autoDraw = True
29.8210 	EXP 	target_square_2: autoDraw = True
30.2966 	DATA 	Keypress: space
30.3043 	EXP 	Device response: <KeyPress from None: t=30.295283600047696, value=space, duration=None>
30.4135 	EXP 	Device response: <KeyPress from None: t=30.295283600047696, value=space, duration=0.11601399997016415>
30.8148 	EXP 	target_square_2: autoDraw = False
30.8217 	EXP 	fixation_3: autoDraw = True
31.8064 	EXP 	New trial (rep=0, index=12): <Trial 12 (12 in rep 0) data={'location': [0.2, -0.2], 'corrAns': None, 'thisN': 12, 'thisTrialN': 12, 'thisRepN': 0}>
31.8139 	EXP 	grid_lines_2: autoDraw = False
31.8139 	EXP 	fixation_3: autoDraw = False
31.8139 	EXP 	grid_lines_2: autoDraw = False
31.8139 	EXP 	target_square_2: autoDraw = False
31.8139 	EXP 	fixation_3: autoDraw = False
31.8226 	EXP 	grid_lines_2: autoDraw = True
31.8226 	EXP 	target_square_2: autoDraw = True
32.8179 	EXP 	target_square_2: autoDraw = False
32.8179 	EXP 	fixation_3: autoDraw = True
33.8130 	EXP 	fixation_3: autoDraw = False
33.8141 	EXP 	New trial (rep=0, index=13): <Trial 13 (13 in rep 0) data={'location': [-0.2, -0.2], 'corrAns': None, 'thisN': 13, 'thisTrialN': 13, 'thisRepN': 0}>
33.8227 	EXP 	grid_lines_2: autoDraw = False
33.8227 	EXP 	grid_lines_2: autoDraw = False
33.8227 	EXP 	target_square_2: autoDraw = False
33.8227 	EXP 	fixation_3: autoDraw = False
33.8227 	EXP 	grid_lines_2: autoDraw = True
33.8227 	EXP 	target_square_2: autoDraw = True
34.8178 	EXP 	target_square_2: autoDraw = False
34.8178 	EXP 	fixation_3: autoDraw = True
35.8083 	EXP 	fixation_3: autoDraw = False
35.8091 	EXP 	New trial (rep=0, index=14): <Trial 14 (14 in rep 0) data={'location': [0.2, -0.2], 'corrAns': None, 'thisN': 14, 'thisTrialN': 14, 'thisRepN': 0}>
35.8209 	EXP 	grid_lines_2: autoDraw = False
35.8209 	EXP 	grid_lines_2: autoDraw = False
35.8209 	EXP 	target_square_2: autoDraw = False
35.8209 	EXP 	fixation_3: autoDraw = False
35.8209 	EXP 	grid_lines_2: autoDraw = True
35.8209 	EXP 	target_square_2: autoDraw = True
36.8162 	EXP 	target_square_2: autoDraw = False
36.8162 	EXP 	fixation_3: autoDraw = True
37.8088 	EXP 	fixation_3: autoDraw = False
37.8095 	EXP 	New trial (rep=0, index=15): <Trial 15 (15 in rep 0) data={'location': [-0.2, -0.2], 'corrAns': 'space', 'thisN': 15, 'thisTrialN': 15, 'thisRepN': 0}>
37.8174 	EXP 	grid_lines_2: autoDraw = False
37.8174 	EXP 	grid_lines_2: autoDraw = False
37.8174 	EXP 	target_square_2: autoDraw = False
37.8174 	EXP 	fixation_3: autoDraw = False
37.8174 	EXP 	grid_lines_2: autoDraw = True
37.8174 	EXP 	target_square_2: autoDraw = True
38.8099 	EXP 	target_square_2: autoDraw = False
38.8166 	EXP 	fixation_3: autoDraw = True
39.8015 	EXP 	New trial (rep=0, index=16): <Trial 16 (16 in rep 0) data={'location': [0, 0.2], 'corrAns': None, 'thisN': 16, 'thisTrialN': 16, 'thisRepN': 0}>
39.8087 	EXP 	grid_lines_2: autoDraw = False
39.8087 	EXP 	fixation_3: autoDraw = False
39.8087 	EXP 	grid_lines_2: autoDraw = False
39.8087 	EXP 	target_square_2: autoDraw = False
39.8087 	EXP 	fixation_3: autoDraw = False
39.8179 	EXP 	grid_lines_2: autoDraw = True
39.8179 	EXP 	target_square_2: autoDraw = True
40.8085 	EXP 	target_square_2: autoDraw = False
40.8179 	EXP 	fixation_3: autoDraw = True
41.8015 	EXP 	New trial (rep=0, index=17): <Trial 17 (17 in rep 0) data={'location': [0.2, 0.2], 'corrAns': None, 'thisN': 17, 'thisTrialN': 17, 'thisRepN': 0}>
41.8085 	EXP 	grid_lines_2: autoDraw = False
41.8085 	EXP 	fixation_3: autoDraw = False
41.8085 	EXP 	grid_lines_2: autoDraw = False
41.8085 	EXP 	target_square_2: autoDraw = False
41.8085 	EXP 	fixation_3: autoDraw = False
41.8184 	EXP 	grid_lines_2: autoDraw = True
41.8184 	EXP 	target_square_2: autoDraw = True
42.8144 	EXP 	target_square_2: autoDraw = False
42.8235 	EXP 	fixation_3: autoDraw = True
43.8078 	EXP 	New trial (rep=0, index=18): <Trial 18 (18 in rep 0) data={'location': [0, 0], 'corrAns': None, 'thisN': 18, 'thisTrialN': 18, 'thisRepN': 0}>
43.8145 	EXP 	grid_lines_2: autoDraw = False
43.8145 	EXP 	fixation_3: autoDraw = False
43.8145 	EXP 	grid_lines_2: autoDraw = False
43.8145 	EXP 	target_square_2: autoDraw = False
43.8145 	EXP 	fixation_3: autoDraw = False
43.8228 	EXP 	grid_lines_2: autoDraw = True
43.8228 	EXP 	target_square_2: autoDraw = True
44.8171 	EXP 	target_square_2: autoDraw = False
44.8171 	EXP 	fixation_3: autoDraw = True
45.8076 	EXP 	New trial (rep=0, index=19): <Trial 19 (19 in rep 0) data={'location': [0, -0.2], 'corrAns': None, 'thisN': 19, 'thisTrialN': 19, 'thisRepN': 0}>
45.8143 	EXP 	grid_lines_2: autoDraw = False
45.8143 	EXP 	fixation_3: autoDraw = False
45.8143 	EXP 	grid_lines_2: autoDraw = False
45.8143 	EXP 	target_square_2: autoDraw = False
45.8143 	EXP 	fixation_3: autoDraw = False
45.8232 	EXP 	grid_lines_2: autoDraw = True
45.8232 	EXP 	target_square_2: autoDraw = True
46.3487 	EXP 	Device response: <KeyPress from None: t=46.34673740004655, value=escape, duration=None>
46.3500 	DATA 	Keypress: escape
46.5003 	EXP 	Device response: <KeyPress from None: t=46.34673740004655, value=escape, duration=0.15292819996830076>
46.5005 	EXP 	untitled: status = STOPPED
46.5068 	EXP 	grid_lines_2: autoDraw = False
46.5068 	EXP 	target_square_2: autoDraw = False
46.5072 	EXP 	untitled: status = STOPPED
