11.1596 	WARNING 	User requested fullscreen with size [1024  768], but screen is actually [1920, 1200]. Using actual size
12.2829 	EXP 	Created window1 = Window(allowGUI=False, allowStencil=False, autoLog=True, backendConf=UNKNOWN, backgroundFit=<method-wrapper '__getattribute__' of attributeSetter object at 0x0000025B2D4C0D00>, backgroundImage=<method-wrapper '__getattribute__' of attributeSetter object at 0x0000025B2D4C0CA0>, bitsMode=UNKNOWN, blendMode='avg', bpc=(8, 8, 8), color=array([0, 0, 0]), colorSpace='rgb', depthBits=8, fullscr=True, gamma=None, gammaErrorPolicy='raise', infoMsg=UNKNOWN, lms=UNKNOWN, monitor=<psychopy.monitors.calibTools.Monitor object at 0x0000025B2D5767A0>, multiSample=False, name='window1', numSamples=2, pos=[np.float64(0.0), np.float64(0.0)], screen=0, size=array([1920, 1200]), stencilBits=0, stereo=False, title='PsychoPy', units='height', useFBO=True, useRetina=False, viewOri=0.0, viewPos=None, viewScale=None, waitBlanking=True, winType='pyglet')
12.2831 	EXP 	window1: backgroundImage = ''
12.2832 	EXP 	window1: backgroundFit = 'none'
12.8043 	EXP 	window1: Attempting to measure frame rate of screen (0) ...
12.8044 	EXP 	window1: recordFrameIntervals = False
12.9111 	DATA 	Mouse: Left button down, pos=(828,777)
13.0883 	DATA 	Mouse:  Left button up, pos=(828,777)
13.1111 	EXP 	window1: recordFrameIntervals = True
13.2934 	WARNING 	t of last frame was 48.53ms (=1/20)
13.4710 	WARNING 	t of last frame was 49.96ms (=1/20)
13.5878 	WARNING 	t of last frame was 50.72ms (=1/19)
13.6791 	WARNING 	t of last frame was 49.62ms (=1/20)
13.8200 	WARNING 	Multiple dropped frames have occurred - I'll stop bothering you about them!
14.2117 	EXP 	window1: recordFrameIntervals = False
14.2118 	EXP 	Screen (0) actual frame rate measured at 125.66Hz
14.4521 	EXP 	untitled: status = STARTED
14.5839 	EXP 	Created instructions_2 = TextStim(__class__=<class 'psychopy.visual.text.TextStim'>, alignHoriz=method-wrapper(...), alignText='center', alignVert=method-wrapper(...), anchorHoriz='center', anchorVert='center', antialias=True, autoDraw=False, autoLog=True, bold=False, color=array([1., 1., 1.]), colorSpace='rgb', contrast=1.0, depth=0.0, draggable=False, flipHoriz=False, flipVert=False, font='Arial', fontFiles=[], height=np.float64(0.05), italic=False, languageStyle='LTR', name='instructions_2', opacity=1, ori=0, pos=array([0., 0.]), rgb=UNKNOWN, text=str(...), units='height', win=Window(...), wrapWidth=1)
14.5895 	EXP 	Created fixation_1 = TextStim(__class__=<class 'psychopy.visual.text.TextStim'>, alignHoriz=method-wrapper(...), alignText='center', alignVert=method-wrapper(...), anchorHoriz='center', anchorVert='center', antialias=True, autoDraw=False, autoLog=True, bold=False, color=array([1., 1., 1.]), colorSpace='rgb', contrast=1.0, depth=0.0, draggable=False, flipHoriz=False, flipVert=False, font='Arial', fontFiles=[], height=np.float64(0.05), italic=False, languageStyle='LTR', name='fixation_1', opacity=1, ori=0, pos=array([0., 0.]), rgb=UNKNOWN, text='+', units='height', win=Window(...), wrapWidth=1)
14.5903 	WARNING 	Requested image 'grid' not found but similar filename 'grid.png' exists. This will be used instead but changing the filename is advised.
14.7182 	EXP 	Created grid_lines_2 = ImageStim(__class__=<class 'psychopy.visual.image.ImageStim'>, anchor=('center', 'center'), autoLog=True, color=array([1., 1., 1.]), colorSpace='rgb', contrast=1.0, depth=0.0, draggable=False, flipHoriz=np.False_, flipVert=np.False_, image='grid', interpolate=True, mask=None, maskParams=None, name='grid_lines_2', opacity=1, ori=0.0, pos=array([0., 0.]), size=array([0.6, 0.6]), texRes=128, units='height', win=Window(...))
14.7207 	EXP 	Created target_square_2 = Rect(__class__=<class 'psychopy.visual.rect.Rect'>, anchor=('center', 'center'), autoDraw=False, autoLog=True, closeShape=True, color=method-wrapper(...), colorSpace='rgb', contrast=None, depth=-1.0, draggable=False, fillColor=array([1., 1., 1.]), fillColorSpace='rgb', fillRGB=array([1., 1., 1.]), interpolate=True, lineColor=array([0., 0., 0.]), lineColorSpace='rgb', lineRGB=array([0, 0, 0]), lineWidth=1, name='target_square_2', opacity=1, ori=0.0, pos=array([0., 0.]), size=array([0.15, 0.15]), units='height', vertices=ndarray(...), win=Window(...))
14.7247 	EXP 	Created fixation_3 = TextStim(__class__=<class 'psychopy.visual.text.TextStim'>, alignHoriz=method-wrapper(...), alignText='center', alignVert=method-wrapper(...), anchorHoriz='center', anchorVert='center', antialias=True, autoDraw=False, autoLog=True, bold=False, color=array([1., 1., 1.]), colorSpace='rgb', contrast=1.0, depth=-2.0, draggable=False, flipHoriz=False, flipVert=False, font='Arial', fontFiles=[], height=np.float64(0.05), italic=False, languageStyle='LTR', name='fixation_3', opacity=1, ori=0, pos=array([0., 0.]), rgb=UNKNOWN, text='+', units='height', win=Window(...), wrapWidth=1)
14.8254 	EXP 	Created thank_you = TextStim(__class__=<class 'psychopy.visual.text.TextStim'>, alignHoriz=method-wrapper(...), alignText='center', alignVert=method-wrapper(...), anchorHoriz='center', anchorVert='center', antialias=True, autoDraw=False, autoLog=True, bold=False, color=array([1., 1., 1.]), colorSpace='rgb', contrast=1.0, depth=0.0, draggable=False, flipHoriz=False, flipVert=False, font='Arial', fontFiles=[], height=np.float64(0.1), italic=False, languageStyle='LTR', name='thank_you', opacity=1, ori=0, pos=array([0., 0.]), rgb=UNKNOWN, text=str(...), units='height', win=Window(...), wrapWidth=1)
0.0192 	EXP 	instructions_2: autoDraw = True
1.8164 	EXP 	Device response: <KeyPress from None: t=1.7519136000191793, value=space, duration=None>
1.8191 	DATA 	Keypress: space
1.8236 	EXP 	instructions_2: autoDraw = False
1.8236 	EXP 	fixation_1: autoDraw = True
1.8564 	EXP 	Device response: <KeyPress from None: t=1.7519136000191793, value=space, duration=0.09383359993807971>
2.8194 	EXP 	Imported N-back-2.xlsx as conditions, 30 conditions, 2 params
2.8646 	EXP 	New trial (rep=0, index=0): <Trial 0 (0 in rep 0) data={'location': [0, 0], 'corrAns': None, 'thisN': 0, 'thisTrialN': 0, 'thisRepN': 0}>
2.8777 	EXP 	fixation_1: autoDraw = False
2.8777 	EXP 	fixation_1: autoDraw = False
2.8777 	EXP 	grid_lines_2: autoDraw = True
2.8777 	EXP 	target_square_2: autoDraw = True
3.8121 	EXP 	fixation_3: autoDraw = True
3.8688 	EXP 	target_square_2: autoDraw = False
4.8040 	EXP 	fixation_3: autoDraw = False
4.8179 	EXP 	New trial (rep=0, index=1): <Trial 1 (1 in rep 0) data={'location': [0, 0.2], 'corrAns': None, 'thisN': 1, 'thisTrialN': 1, 'thisRepN': 0}>
4.8246 	EXP 	grid_lines_2: autoDraw = False
4.8246 	EXP 	target_square_2: autoDraw = False
4.8246 	EXP 	fixation_3: autoDraw = False
4.8246 	EXP 	grid_lines_2: autoDraw = True
4.8246 	EXP 	target_square_2: autoDraw = True
5.8077 	EXP 	fixation_3: autoDraw = True
5.8159 	EXP 	target_square_2: autoDraw = False
6.8052 	EXP 	fixation_3: autoDraw = False
6.8149 	EXP 	New trial (rep=0, index=2): <Trial 2 (2 in rep 0) data={'location': [0.2, 0], 'corrAns': None, 'thisN': 2, 'thisTrialN': 2, 'thisRepN': 0}>
6.8221 	EXP 	grid_lines_2: autoDraw = False
6.8221 	EXP 	grid_lines_2: autoDraw = False
6.8221 	EXP 	target_square_2: autoDraw = False
6.8221 	EXP 	fixation_3: autoDraw = False
6.8221 	EXP 	grid_lines_2: autoDraw = True
6.8221 	EXP 	target_square_2: autoDraw = True
7.8109 	EXP 	fixation_3: autoDraw = True
7.8230 	EXP 	target_square_2: autoDraw = False
8.8050 	EXP 	fixation_3: autoDraw = False
8.8058 	EXP 	New trial (rep=0, index=3): <Trial 3 (3 in rep 0) data={'location': [0.2, -0.2], 'corrAns': None, 'thisN': 3, 'thisTrialN': 3, 'thisRepN': 0}>
8.8132 	EXP 	grid_lines_2: autoDraw = False
8.8132 	EXP 	grid_lines_2: autoDraw = False
8.8132 	EXP 	target_square_2: autoDraw = False
8.8132 	EXP 	fixation_3: autoDraw = False
8.8132 	EXP 	grid_lines_2: autoDraw = True
8.8132 	EXP 	target_square_2: autoDraw = True
9.8127 	EXP 	target_square_2: autoDraw = False
9.8127 	EXP 	fixation_3: autoDraw = True
10.8073 	EXP 	New trial (rep=0, index=4): <Trial 4 (4 in rep 0) data={'location': [0.2, 0.2], 'corrAns': None, 'thisN': 4, 'thisTrialN': 4, 'thisRepN': 0}>
10.8146 	EXP 	grid_lines_2: autoDraw = False
10.8146 	EXP 	fixation_3: autoDraw = False
10.8146 	EXP 	grid_lines_2: autoDraw = False
10.8146 	EXP 	target_square_2: autoDraw = False
10.8146 	EXP 	fixation_3: autoDraw = False
10.8146 	EXP 	grid_lines_2: autoDraw = True
10.8146 	EXP 	target_square_2: autoDraw = True
11.8060 	EXP 	target_square_2: autoDraw = False
11.8144 	EXP 	fixation_3: autoDraw = True
12.7983 	EXP 	New trial (rep=0, index=5): <Trial 5 (5 in rep 0) data={'location': [0.2, -0.2], 'corrAns': 'space', 'thisN': 5, 'thisTrialN': 5, 'thisRepN': 0}>
12.8053 	EXP 	grid_lines_2: autoDraw = False
12.8053 	EXP 	fixation_3: autoDraw = False
12.8053 	EXP 	grid_lines_2: autoDraw = False
12.8053 	EXP 	target_square_2: autoDraw = False
12.8053 	EXP 	fixation_3: autoDraw = False
12.8142 	EXP 	grid_lines_2: autoDraw = True
12.8142 	EXP 	target_square_2: autoDraw = True
13.2053 	EXP 	Device response: <KeyPress from None: t=13.204512499971315, value=space, duration=None>
13.2066 	DATA 	Keypress: space
13.3229 	EXP 	Device response: <KeyPress from None: t=13.204512499971315, value=space, duration=0.1109625999815762>
13.8060 	EXP 	target_square_2: autoDraw = False
13.8128 	EXP 	fixation_3: autoDraw = True
14.7975 	EXP 	New trial (rep=0, index=6): <Trial 6 (6 in rep 0) data={'location': [-0.2, -0.2], 'corrAns': None, 'thisN': 6, 'thisTrialN': 6, 'thisRepN': 0}>
14.8061 	EXP 	grid_lines_2: autoDraw = False
14.8061 	EXP 	fixation_3: autoDraw = False
14.8061 	EXP 	grid_lines_2: autoDraw = False
14.8061 	EXP 	target_square_2: autoDraw = False
14.8061 	EXP 	fixation_3: autoDraw = False
14.8135 	EXP 	grid_lines_2: autoDraw = True
14.8135 	EXP 	target_square_2: autoDraw = True
15.8053 	EXP 	target_square_2: autoDraw = False
15.8133 	EXP 	fixation_3: autoDraw = True
16.7981 	EXP 	New trial (rep=0, index=7): <Trial 7 (7 in rep 0) data={'location': [-0.2, 0.2], 'corrAns': None, 'thisN': 7, 'thisTrialN': 7, 'thisRepN': 0}>
16.8056 	EXP 	grid_lines_2: autoDraw = False
16.8056 	EXP 	fixation_3: autoDraw = False
16.8056 	EXP 	grid_lines_2: autoDraw = False
16.8056 	EXP 	target_square_2: autoDraw = False
16.8056 	EXP 	fixation_3: autoDraw = False
16.8135 	EXP 	grid_lines_2: autoDraw = True
16.8135 	EXP 	target_square_2: autoDraw = True
17.8048 	EXP 	target_square_2: autoDraw = False
17.8135 	EXP 	fixation_3: autoDraw = True
18.7979 	EXP 	New trial (rep=0, index=8): <Trial 8 (8 in rep 0) data={'location': [0, 0], 'corrAns': None, 'thisN': 8, 'thisTrialN': 8, 'thisRepN': 0}>
18.8049 	EXP 	grid_lines_2: autoDraw = False
18.8049 	EXP 	fixation_3: autoDraw = False
18.8049 	EXP 	grid_lines_2: autoDraw = False
18.8049 	EXP 	target_square_2: autoDraw = False
18.8049 	EXP 	fixation_3: autoDraw = False
18.8134 	EXP 	grid_lines_2: autoDraw = True
18.8134 	EXP 	target_square_2: autoDraw = True
19.8053 	EXP 	target_square_2: autoDraw = False
19.8141 	EXP 	fixation_3: autoDraw = True
20.8049 	EXP 	grid_lines_2: autoDraw = False
20.8053 	EXP 	New trial (rep=0, index=9): <Trial 9 (9 in rep 0) data={'location': [-0.2, -0.2], 'corrAns': None, 'thisN': 9, 'thisTrialN': 9, 'thisRepN': 0}>
20.8131 	EXP 	fixation_3: autoDraw = False
20.8131 	EXP 	grid_lines_2: autoDraw = False
20.8131 	EXP 	target_square_2: autoDraw = False
20.8131 	EXP 	fixation_3: autoDraw = False
20.8131 	EXP 	grid_lines_2: autoDraw = True
20.8131 	EXP 	target_square_2: autoDraw = True
21.8128 	EXP 	target_square_2: autoDraw = False
21.8128 	EXP 	fixation_3: autoDraw = True
22.8040 	EXP 	New trial (rep=0, index=10): <Trial 10 (10 in rep 0) data={'location': [0, 0], 'corrAns': 'space', 'thisN': 10, 'thisTrialN': 10, 'thisRepN': 0}>
22.8114 	EXP 	grid_lines_2: autoDraw = False
22.8114 	EXP 	fixation_3: autoDraw = False
22.8114 	EXP 	grid_lines_2: autoDraw = False
22.8114 	EXP 	target_square_2: autoDraw = False
22.8114 	EXP 	fixation_3: autoDraw = False
22.8114 	EXP 	grid_lines_2: autoDraw = True
22.8114 	EXP 	target_square_2: autoDraw = True
23.4459 	EXP 	Device response: <KeyPress from None: t=23.43857110000681, value=space, duration=None>
23.4470 	DATA 	Keypress: space
23.5875 	EXP 	Device response: <KeyPress from None: t=23.43857110000681, value=space, duration=0.1406132000265643>
23.8033 	EXP 	target_square_2: autoDraw = False
23.8111 	EXP 	fixation_3: autoDraw = True
24.7960 	EXP 	New trial (rep=0, index=11): <Trial 11 (11 in rep 0) data={'location': [0.2, 0], 'corrAns': None, 'thisN': 11, 'thisTrialN': 11, 'thisRepN': 0}>
24.8030 	EXP 	grid_lines_2: autoDraw = False
24.8030 	EXP 	fixation_3: autoDraw = False
24.8030 	EXP 	grid_lines_2: autoDraw = False
24.8030 	EXP 	target_square_2: autoDraw = False
24.8030 	EXP 	fixation_3: autoDraw = False
24.8113 	EXP 	grid_lines_2: autoDraw = True
24.8113 	EXP 	target_square_2: autoDraw = True
25.8035 	EXP 	target_square_2: autoDraw = False
25.8114 	EXP 	fixation_3: autoDraw = True
26.7955 	EXP 	New trial (rep=0, index=12): <Trial 12 (12 in rep 0) data={'location': [0.2, 0.2], 'corrAns': None, 'thisN': 12, 'thisTrialN': 12, 'thisRepN': 0}>
26.8031 	EXP 	grid_lines_2: autoDraw = False
26.8031 	EXP 	fixation_3: autoDraw = False
26.8031 	EXP 	grid_lines_2: autoDraw = False
26.8031 	EXP 	target_square_2: autoDraw = False
26.8031 	EXP 	fixation_3: autoDraw = False
26.8118 	EXP 	grid_lines_2: autoDraw = True
26.8118 	EXP 	target_square_2: autoDraw = True
27.8032 	EXP 	target_square_2: autoDraw = False
27.8119 	EXP 	fixation_3: autoDraw = True
28.7996 	EXP 	New trial (rep=0, index=13): <Trial 13 (13 in rep 0) data={'location': [0.2, 0], 'corrAns': 'space', 'thisN': 13, 'thisTrialN': 13, 'thisRepN': 0}>
28.8097 	EXP 	grid_lines_2: autoDraw = False
28.8097 	EXP 	fixation_3: autoDraw = False
28.8097 	EXP 	grid_lines_2: autoDraw = False
28.8097 	EXP 	target_square_2: autoDraw = False
28.8097 	EXP 	fixation_3: autoDraw = False
28.8187 	EXP 	grid_lines_2: autoDraw = True
28.8187 	EXP 	target_square_2: autoDraw = True
29.7358 	EXP 	Device response: <KeyPress from None: t=29.73082950001117, value=space, duration=None>
29.7369 	DATA 	Keypress: space
29.8107 	EXP 	target_square_2: autoDraw = False
29.8107 	EXP 	fixation_3: autoDraw = True
29.8455 	EXP 	Device response: <KeyPress from None: t=29.73082950001117, value=space, duration=0.11310650000814348>
30.8023 	EXP 	fixation_3: autoDraw = False
30.8032 	EXP 	New trial (rep=0, index=14): <Trial 14 (14 in rep 0) data={'location': [0, -0.2], 'corrAns': None, 'thisN': 14, 'thisTrialN': 14, 'thisRepN': 0}>
30.8103 	EXP 	grid_lines_2: autoDraw = False
30.8103 	EXP 	grid_lines_2: autoDraw = False
30.8103 	EXP 	target_square_2: autoDraw = False
30.8103 	EXP 	fixation_3: autoDraw = False
30.8103 	EXP 	grid_lines_2: autoDraw = True
30.8103 	EXP 	target_square_2: autoDraw = True
31.8022 	EXP 	target_square_2: autoDraw = False
31.8103 	EXP 	fixation_3: autoDraw = True
32.7950 	EXP 	New trial (rep=0, index=15): <Trial 15 (15 in rep 0) data={'location': [0.2, -0.2], 'corrAns': None, 'thisN': 15, 'thisTrialN': 15, 'thisRepN': 0}>
32.8018 	EXP 	grid_lines_2: autoDraw = False
32.8018 	EXP 	fixation_3: autoDraw = False
32.8018 	EXP 	grid_lines_2: autoDraw = False
32.8018 	EXP 	target_square_2: autoDraw = False
32.8018 	EXP 	fixation_3: autoDraw = False
32.8103 	EXP 	grid_lines_2: autoDraw = True
32.8103 	EXP 	target_square_2: autoDraw = True
33.8021 	EXP 	target_square_2: autoDraw = False
33.8106 	EXP 	fixation_3: autoDraw = True
34.7955 	EXP 	New trial (rep=0, index=16): <Trial 16 (16 in rep 0) data={'location': [0.2, -0.2], 'corrAns': None, 'thisN': 16, 'thisTrialN': 16, 'thisRepN': 0}>
34.8032 	EXP 	grid_lines_2: autoDraw = False
34.8032 	EXP 	fixation_3: autoDraw = False
34.8032 	EXP 	grid_lines_2: autoDraw = False
34.8032 	EXP 	target_square_2: autoDraw = False
34.8032 	EXP 	fixation_3: autoDraw = False
34.8109 	EXP 	grid_lines_2: autoDraw = True
34.8109 	EXP 	target_square_2: autoDraw = True
35.8025 	EXP 	target_square_2: autoDraw = False
35.8104 	EXP 	fixation_3: autoDraw = True
36.7951 	EXP 	New trial (rep=0, index=17): <Trial 17 (17 in rep 0) data={'location': [-0.2, 0.2], 'corrAns': None, 'thisN': 17, 'thisTrialN': 17, 'thisRepN': 0}>
36.8018 	EXP 	grid_lines_2: autoDraw = False
36.8018 	EXP 	fixation_3: autoDraw = False
36.8018 	EXP 	grid_lines_2: autoDraw = False
36.8018 	EXP 	target_square_2: autoDraw = False
36.8018 	EXP 	fixation_3: autoDraw = False
36.8100 	EXP 	grid_lines_2: autoDraw = True
36.8100 	EXP 	target_square_2: autoDraw = True
37.8019 	EXP 	target_square_2: autoDraw = False
37.8111 	EXP 	fixation_3: autoDraw = True
38.7944 	EXP 	New trial (rep=0, index=18): <Trial 18 (18 in rep 0) data={'location': [0.2, 0.2], 'corrAns': None, 'thisN': 18, 'thisTrialN': 18, 'thisRepN': 0}>
38.8022 	EXP 	grid_lines_2: autoDraw = False
38.8022 	EXP 	fixation_3: autoDraw = False
38.8022 	EXP 	grid_lines_2: autoDraw = False
38.8022 	EXP 	target_square_2: autoDraw = False
38.8022 	EXP 	fixation_3: autoDraw = False
38.8113 	EXP 	grid_lines_2: autoDraw = True
38.8113 	EXP 	target_square_2: autoDraw = True
39.8020 	EXP 	target_square_2: autoDraw = False
39.8106 	EXP 	fixation_3: autoDraw = True
40.7950 	EXP 	New trial (rep=0, index=19): <Trial 19 (19 in rep 0) data={'location': [0, 0], 'corrAns': None, 'thisN': 19, 'thisTrialN': 19, 'thisRepN': 0}>
40.8024 	EXP 	grid_lines_2: autoDraw = False
40.8024 	EXP 	fixation_3: autoDraw = False
40.8024 	EXP 	grid_lines_2: autoDraw = False
40.8024 	EXP 	target_square_2: autoDraw = False
40.8024 	EXP 	fixation_3: autoDraw = False
40.8103 	EXP 	grid_lines_2: autoDraw = True
40.8103 	EXP 	target_square_2: autoDraw = True
41.8026 	EXP 	target_square_2: autoDraw = False
41.8103 	EXP 	fixation_3: autoDraw = True
42.7948 	EXP 	New trial (rep=0, index=20): <Trial 20 (20 in rep 0) data={'location': [0.2, 0.2], 'corrAns': 'space', 'thisN': 20, 'thisTrialN': 20, 'thisRepN': 0}>
42.8027 	EXP 	grid_lines_2: autoDraw = False
42.8027 	EXP 	fixation_3: autoDraw = False
42.8027 	EXP 	grid_lines_2: autoDraw = False
42.8027 	EXP 	target_square_2: autoDraw = False
42.8027 	EXP 	fixation_3: autoDraw = False
42.8108 	EXP 	grid_lines_2: autoDraw = True
42.8108 	EXP 	target_square_2: autoDraw = True
43.6248 	EXP 	Device response: <KeyPress from None: t=43.624009200022556, value=space, duration=None>
43.6258 	DATA 	Keypress: space
43.7570 	EXP 	Device response: <KeyPress from None: t=43.624009200022556, value=space, duration=0.12913879996631294>
43.8062 	EXP 	target_square_2: autoDraw = False
43.8151 	EXP 	fixation_3: autoDraw = True
44.7986 	EXP 	New trial (rep=0, index=21): <Trial 21 (21 in rep 0) data={'location': [-0.2, 0], 'corrAns': None, 'thisN': 21, 'thisTrialN': 21, 'thisRepN': 0}>
44.8071 	EXP 	grid_lines_2: autoDraw = False
44.8071 	EXP 	fixation_3: autoDraw = False
44.8071 	EXP 	grid_lines_2: autoDraw = False
44.8071 	EXP 	target_square_2: autoDraw = False
44.8071 	EXP 	fixation_3: autoDraw = False
44.8149 	EXP 	grid_lines_2: autoDraw = True
44.8149 	EXP 	target_square_2: autoDraw = True
45.8062 	EXP 	target_square_2: autoDraw = False
45.8151 	EXP 	fixation_3: autoDraw = True
46.7990 	EXP 	New trial (rep=0, index=22): <Trial 22 (22 in rep 0) data={'location': [-0.2, -0.2], 'corrAns': None, 'thisN': 22, 'thisTrialN': 22, 'thisRepN': 0}>
46.8069 	EXP 	grid_lines_2: autoDraw = False
46.8069 	EXP 	fixation_3: autoDraw = False
46.8069 	EXP 	grid_lines_2: autoDraw = False
46.8069 	EXP 	target_square_2: autoDraw = False
46.8069 	EXP 	fixation_3: autoDraw = False
46.8144 	EXP 	grid_lines_2: autoDraw = True
46.8144 	EXP 	target_square_2: autoDraw = True
47.8067 	EXP 	target_square_2: autoDraw = False
47.8153 	EXP 	fixation_3: autoDraw = True
48.8006 	EXP 	New trial (rep=0, index=23): <Trial 23 (23 in rep 0) data={'location': [-0.2, 0], 'corrAns': 'space', 'thisN': 23, 'thisTrialN': 23, 'thisRepN': 0}>
48.8077 	EXP 	grid_lines_2: autoDraw = False
48.8077 	EXP 	fixation_3: autoDraw = False
48.8077 	EXP 	grid_lines_2: autoDraw = False
48.8077 	EXP 	target_square_2: autoDraw = False
48.8077 	EXP 	fixation_3: autoDraw = False
48.8077 	EXP 	grid_lines_2: autoDraw = True
48.8077 	EXP 	target_square_2: autoDraw = True
49.3506 	EXP 	Device response: <KeyPress from None: t=49.343987299944274, value=space, duration=None>
49.3520 	DATA 	Keypress: space
49.5334 	EXP 	Device response: <KeyPress from None: t=49.343987299944274, value=space, duration=0.1812897000927478>
49.7999 	EXP 	target_square_2: autoDraw = False
49.8077 	EXP 	fixation_3: autoDraw = True
50.7928 	EXP 	New trial (rep=0, index=24): <Trial 24 (24 in rep 0) data={'location': [-0.2, 0], 'corrAns': None, 'thisN': 24, 'thisTrialN': 24, 'thisRepN': 0}>
50.7993 	EXP 	grid_lines_2: autoDraw = False
50.7993 	EXP 	fixation_3: autoDraw = False
50.7993 	EXP 	grid_lines_2: autoDraw = False
50.7993 	EXP 	target_square_2: autoDraw = False
50.7993 	EXP 	fixation_3: autoDraw = False
50.8083 	EXP 	grid_lines_2: autoDraw = True
50.8083 	EXP 	target_square_2: autoDraw = True
51.8071 	EXP 	target_square_2: autoDraw = False
51.8147 	EXP 	fixation_3: autoDraw = True
52.7997 	EXP 	New trial (rep=0, index=25): <Trial 25 (25 in rep 0) data={'location': [0, 0], 'corrAns': None, 'thisN': 25, 'thisTrialN': 25, 'thisRepN': 0}>
52.8086 	EXP 	grid_lines_2: autoDraw = False
52.8086 	EXP 	fixation_3: autoDraw = False
52.8086 	EXP 	grid_lines_2: autoDraw = False
52.8086 	EXP 	target_square_2: autoDraw = False
52.8086 	EXP 	fixation_3: autoDraw = False
52.8176 	EXP 	grid_lines_2: autoDraw = True
52.8176 	EXP 	target_square_2: autoDraw = True
53.8148 	EXP 	target_square_2: autoDraw = False
53.8148 	EXP 	fixation_3: autoDraw = True
54.8062 	EXP 	fixation_3: autoDraw = False
54.8070 	EXP 	New trial (rep=0, index=26): <Trial 26 (26 in rep 0) data={'location': [0, 0.2], 'corrAns': None, 'thisN': 26, 'thisTrialN': 26, 'thisRepN': 0}>
54.8151 	EXP 	grid_lines_2: autoDraw = False
54.8151 	EXP 	grid_lines_2: autoDraw = False
54.8151 	EXP 	target_square_2: autoDraw = False
54.8151 	EXP 	fixation_3: autoDraw = False
54.8151 	EXP 	grid_lines_2: autoDraw = True
54.8151 	EXP 	target_square_2: autoDraw = True
55.8066 	EXP 	target_square_2: autoDraw = False
55.8148 	EXP 	fixation_3: autoDraw = True
56.7987 	EXP 	New trial (rep=0, index=27): <Trial 27 (27 in rep 0) data={'location': [0.2, 0], 'corrAns': None, 'thisN': 27, 'thisTrialN': 27, 'thisRepN': 0}>
56.8066 	EXP 	grid_lines_2: autoDraw = False
56.8066 	EXP 	fixation_3: autoDraw = False
56.8066 	EXP 	grid_lines_2: autoDraw = False
56.8066 	EXP 	target_square_2: autoDraw = False
56.8066 	EXP 	fixation_3: autoDraw = False
56.8149 	EXP 	grid_lines_2: autoDraw = True
56.8149 	EXP 	target_square_2: autoDraw = True
57.8068 	EXP 	target_square_2: autoDraw = False
57.8148 	EXP 	fixation_3: autoDraw = True
58.7989 	EXP 	New trial (rep=0, index=28): <Trial 28 (28 in rep 0) data={'location': [-0.2, -0.2], 'corrAns': None, 'thisN': 28, 'thisTrialN': 28, 'thisRepN': 0}>
58.8073 	EXP 	grid_lines_2: autoDraw = False
58.8073 	EXP 	fixation_3: autoDraw = False
58.8073 	EXP 	grid_lines_2: autoDraw = False
58.8073 	EXP 	target_square_2: autoDraw = False
58.8073 	EXP 	fixation_3: autoDraw = False
58.8147 	EXP 	grid_lines_2: autoDraw = True
58.8147 	EXP 	target_square_2: autoDraw = True
59.8063 	EXP 	target_square_2: autoDraw = False
59.8153 	EXP 	fixation_3: autoDraw = True
60.7990 	EXP 	New trial (rep=0, index=29): <Trial 29 (29 in rep 0) data={'location': [0.2, 0], 'corrAns': 'space', 'thisN': 29, 'thisTrialN': 29, 'thisRepN': 0}>
60.8072 	EXP 	grid_lines_2: autoDraw = False
60.8072 	EXP 	fixation_3: autoDraw = False
60.8072 	EXP 	grid_lines_2: autoDraw = False
60.8072 	EXP 	target_square_2: autoDraw = False
60.8072 	EXP 	fixation_3: autoDraw = False
60.8145 	EXP 	grid_lines_2: autoDraw = True
60.8145 	EXP 	target_square_2: autoDraw = True
61.4320 	EXP 	Device response: <KeyPress from None: t=61.43127679999452, value=space, duration=None>
61.4331 	DATA 	Keypress: space
61.5736 	EXP 	Device response: <KeyPress from None: t=61.43127679999452, value=space, duration=0.1387829000595957>
61.8063 	EXP 	target_square_2: autoDraw = False
61.8155 	EXP 	fixation_3: autoDraw = True
62.8093 	EXP 	grid_lines_2: autoDraw = False
62.8093 	EXP 	fixation_3: autoDraw = False
62.8093 	EXP 	grid_lines_2: autoDraw = False
62.8093 	EXP 	target_square_2: autoDraw = False
62.8093 	EXP 	fixation_3: autoDraw = False
62.8093 	EXP 	thank_you: autoDraw = True
65.8015 	EXP 	thank_you: autoDraw = False
65.8015 	EXP 	thank_you: autoDraw = False
65.8018 	EXP 	untitled: status = STOPPED
