123.6842 	WARNING 	User requested fullscreen with size [1024  768], but screen is actually [1920, 1200]. Using actual size
124.8930 	EXP 	Created window1 = Window(allowGUI=False, allowStencil=False, autoLog=True, backendConf=UNKNOWN, backgroundFit=<method-wrapper '__getattribute__' of attributeSetter object at 0x0000025D7A61CFD0>, backgroundImage=<method-wrapper '__getattribute__' of attributeSetter object at 0x0000025D7A61CF70>, bitsMode=UNKNOWN, blendMode='avg', bpc=(8, 8, 8), color=array([0, 0, 0]), colorSpace='rgb', depthBits=8, fullscr=True, gamma=None, gammaErrorPolicy='raise', infoMsg=UNKNOWN, lms=UNKNOWN, monitor=<psychopy.monitors.calibTools.Monitor object at 0x0000025D7A6CAA70>, multiSample=False, name='window1', numSamples=2, pos=[np.float64(0.0), np.float64(0.0)], screen=0, size=array([1920, 1200]), stencilBits=0, stereo=False, title='PsychoPy', units='height', useFBO=True, useRetina=False, viewOri=0.0, viewPos=None, viewScale=None, waitBlanking=True, winType='pyglet')
124.8933 	EXP 	window1: backgroundImage = ''
124.8933 	EXP 	window1: backgroundFit = 'none'
125.3614 	EXP 	window1: Attempting to measure frame rate of screen (0) ...
125.3615 	EXP 	window1: recordFrameIntervals = False
125.5384 	EXP 	window1: recordFrameIntervals = True
126.3971 	EXP 	window1: recordFrameIntervals = False
126.3971 	EXP 	Screen (0) actual frame rate measured at 128.28Hz
126.6071 	EXP 	untitled: status = STARTED
126.8299 	EXP 	Created instructions_2 = TextStim(__class__=<class 'psychopy.visual.text.TextStim'>, alignHoriz=method-wrapper(...), alignText='center', alignVert=method-wrapper(...), anchorHoriz='center', anchorVert='center', antialias=True, autoDraw=False, autoLog=True, bold=False, color=array([1., 1., 1.]), colorSpace='rgb', contrast=1.0, depth=0.0, draggable=False, flipHoriz=False, flipVert=False, font='Arial', fontFiles=[], height=np.float64(0.05), italic=False, languageStyle='LTR', name='instructions_2', opacity=1, ori=0, pos=array([0., 0.]), rgb=UNKNOWN, text=str(...), units='height', win=Window(...), wrapWidth=1)
126.8397 	EXP 	Created fixation_1 = TextStim(__class__=<class 'psychopy.visual.text.TextStim'>, alignHoriz=method-wrapper(...), alignText='center', alignVert=method-wrapper(...), anchorHoriz='center', anchorVert='center', antialias=True, autoDraw=False, autoLog=True, bold=False, color=array([1., 1., 1.]), colorSpace='rgb', contrast=1.0, depth=0.0, draggable=False, flipHoriz=False, flipVert=False, font='Arial', fontFiles=[], height=np.float64(0.05), italic=False, languageStyle='LTR', name='fixation_1', opacity=1, ori=0, pos=array([0., 0.]), rgb=UNKNOWN, text='+', units='height', win=Window(...), wrapWidth=1)
126.8408 	WARNING 	Requested image 'grid' not found but similar filename 'grid.png' exists. This will be used instead but changing the filename is advised.
126.9113 	EXP 	Created grid_lines_2 = ImageStim(__class__=<class 'psychopy.visual.image.ImageStim'>, anchor=('center', 'center'), autoLog=True, color=array([1., 1., 1.]), colorSpace='rgb', contrast=1.0, depth=0.0, draggable=False, flipHoriz=np.False_, flipVert=np.False_, image='grid', interpolate=True, mask=None, maskParams=None, name='grid_lines_2', opacity=1, ori=0.0, pos=array([0., 0.]), size=array([0.6, 0.6]), texRes=128, units='height', win=Window(...))
126.9156 	EXP 	Created target_square_2 = Rect(__class__=<class 'psychopy.visual.rect.Rect'>, anchor=('center', 'center'), autoDraw=False, autoLog=True, closeShape=True, color=method-wrapper(...), colorSpace='rgb', contrast=None, depth=-1.0, draggable=False, fillColor=array([1., 1., 1.]), fillColorSpace='rgb', fillRGB=array([1., 1., 1.]), interpolate=True, lineColor=array([0., 0., 0.]), lineColorSpace='rgb', lineRGB=array([0, 0, 0]), lineWidth=1, name='target_square_2', opacity=1, ori=0.0, pos=array([0., 0.]), size=array([0.15, 0.15]), units='height', vertices=ndarray(...), win=Window(...))
126.9215 	EXP 	Created fixation_3 = TextStim(__class__=<class 'psychopy.visual.text.TextStim'>, alignHoriz=method-wrapper(...), alignText='center', alignVert=method-wrapper(...), anchorHoriz='center', anchorVert='center', antialias=True, autoDraw=False, autoLog=True, bold=False, color=array([1., 1., 1.]), colorSpace='rgb', contrast=1.0, depth=-2.0, draggable=False, flipHoriz=False, flipVert=False, font='Arial', fontFiles=[], height=np.float64(0.05), italic=False, languageStyle='LTR', name='fixation_3', opacity=1, ori=0, pos=array([0., 0.]), rgb=UNKNOWN, text='+', units='height', win=Window(...), wrapWidth=1)
127.0282 	EXP 	Created thank_you = TextStim(__class__=<class 'psychopy.visual.text.TextStim'>, alignHoriz=method-wrapper(...), alignText='center', alignVert=method-wrapper(...), anchorHoriz='center', anchorVert='center', antialias=True, autoDraw=False, autoLog=True, bold=False, color=array([1., 1., 1.]), colorSpace='rgb', contrast=1.0, depth=0.0, draggable=False, flipHoriz=False, flipVert=False, font='Arial', fontFiles=[], height=np.float64(0.1), italic=False, languageStyle='LTR', name='thank_you', opacity=1, ori=0, pos=array([0., 0.]), rgb=UNKNOWN, text=str(...), units='height', win=Window(...), wrapWidth=1)
0.0172 	EXP 	instructions_2: autoDraw = True
4.6173 	DATA 	Mouse: Left button down, pos=(574,205)
4.6314 	DATA 	Mouse:  Left button up, pos=(549,205)
32.2437 	DATA 	Mouse: Left button down, pos=(1382,625)
32.2445 	DATA 	Mouse:  Left button up, pos=(1382,625)
34.3137 	EXP 	Device response: <KeyPress from None: t=34.3093728000531, value=space, duration=None>
34.3185 	DATA 	Keypress: space
34.3246 	EXP 	instructions_2: autoDraw = False
34.3246 	EXP 	fixation_1: autoDraw = True
34.4131 	EXP 	Device response: <KeyPress from None: t=34.3093728000531, value=space, duration=0.09553109994158149>
35.3262 	EXP 	Imported trial_1.xlsx as conditions, 100 conditions, 2 params
35.3287 	EXP 	New trial (rep=0, index=0): <Trial 0 (0 in rep 0) data={'location': [0, 0], 'corrAns': None, 'thisN': 0, 'thisTrialN': 0, 'thisRepN': 0}>
35.3452 	EXP 	fixation_1: autoDraw = False
35.3452 	EXP 	fixation_1: autoDraw = False
35.3452 	EXP 	grid_lines_2: autoDraw = True
35.3452 	EXP 	target_square_2: autoDraw = True
36.3062 	EXP 	fixation_3: autoDraw = True
36.3404 	EXP 	target_square_2: autoDraw = False
37.2987 	EXP 	fixation_3: autoDraw = False
37.3159 	EXP 	New trial (rep=0, index=1): <Trial 1 (1 in rep 0) data={'location': [0.2, 0], 'corrAns': None, 'thisN': 1, 'thisTrialN': 1, 'thisRepN': 0}>
37.3232 	EXP 	grid_lines_2: autoDraw = False
37.3232 	EXP 	target_square_2: autoDraw = False
37.3232 	EXP 	fixation_3: autoDraw = False
37.3232 	EXP 	grid_lines_2: autoDraw = True
37.3232 	EXP 	target_square_2: autoDraw = True
38.3063 	EXP 	fixation_3: autoDraw = True
38.3146 	EXP 	target_square_2: autoDraw = False
39.2984 	EXP 	fixation_3: autoDraw = False
39.3074 	EXP 	New trial (rep=0, index=2): <Trial 2 (2 in rep 0) data={'location': [0, 0], 'corrAns': 'space', 'thisN': 2, 'thisTrialN': 2, 'thisRepN': 0}>
39.3148 	EXP 	grid_lines_2: autoDraw = False
39.3148 	EXP 	grid_lines_2: autoDraw = False
39.3148 	EXP 	target_square_2: autoDraw = False
39.3148 	EXP 	fixation_3: autoDraw = False
39.3148 	EXP 	grid_lines_2: autoDraw = True
39.3148 	EXP 	target_square_2: autoDraw = True
39.9082 	EXP 	Device response: <KeyPress from None: t=39.9021214999957, value=space, duration=None>
39.9094 	DATA 	Keypress: space
40.0158 	EXP 	Device response: <KeyPress from None: t=39.9021214999957, value=space, duration=0.11227629997301847>
40.3069 	EXP 	target_square_2: autoDraw = False
40.3069 	EXP 	fixation_3: autoDraw = True
41.2996 	EXP 	fixation_3: autoDraw = False
41.3005 	EXP 	New trial (rep=0, index=3): <Trial 3 (3 in rep 0) data={'location': [-0.2, 0.2], 'corrAns': None, 'thisN': 3, 'thisTrialN': 3, 'thisRepN': 0}>
41.3075 	EXP 	grid_lines_2: autoDraw = False
41.3075 	EXP 	grid_lines_2: autoDraw = False
41.3075 	EXP 	target_square_2: autoDraw = False
41.3075 	EXP 	fixation_3: autoDraw = False
41.3075 	EXP 	grid_lines_2: autoDraw = True
41.3075 	EXP 	target_square_2: autoDraw = True
42.2986 	EXP 	target_square_2: autoDraw = False
42.3072 	EXP 	fixation_3: autoDraw = True
43.2982 	EXP 	New trial (rep=0, index=4): <Trial 4 (4 in rep 0) data={'location': [0.2, -0.2], 'corrAns': None, 'thisN': 4, 'thisTrialN': 4, 'thisRepN': 0}>
43.3059 	EXP 	grid_lines_2: autoDraw = False
43.3059 	EXP 	fixation_3: autoDraw = False
43.3059 	EXP 	grid_lines_2: autoDraw = False
43.3059 	EXP 	target_square_2: autoDraw = False
43.3059 	EXP 	fixation_3: autoDraw = False
43.3059 	EXP 	grid_lines_2: autoDraw = True
43.3059 	EXP 	target_square_2: autoDraw = True
44.2978 	EXP 	target_square_2: autoDraw = False
44.3064 	EXP 	fixation_3: autoDraw = True
45.2901 	EXP 	New trial (rep=0, index=5): <Trial 5 (5 in rep 0) data={'location': [-0.2, 0], 'corrAns': None, 'thisN': 5, 'thisTrialN': 5, 'thisRepN': 0}>
45.2982 	EXP 	grid_lines_2: autoDraw = False
45.2982 	EXP 	fixation_3: autoDraw = False
45.2982 	EXP 	grid_lines_2: autoDraw = False
45.2982 	EXP 	target_square_2: autoDraw = False
45.2982 	EXP 	fixation_3: autoDraw = False
45.3058 	EXP 	grid_lines_2: autoDraw = True
45.3058 	EXP 	target_square_2: autoDraw = True
46.2982 	EXP 	target_square_2: autoDraw = False
46.3077 	EXP 	fixation_3: autoDraw = True
47.2975 	EXP 	grid_lines_2: autoDraw = False
47.2985 	EXP 	New trial (rep=0, index=6): <Trial 6 (6 in rep 0) data={'location': [0, -0.2], 'corrAns': None, 'thisN': 6, 'thisTrialN': 6, 'thisRepN': 0}>
47.3076 	EXP 	fixation_3: autoDraw = False
47.3076 	EXP 	grid_lines_2: autoDraw = False
47.3076 	EXP 	target_square_2: autoDraw = False
47.3076 	EXP 	fixation_3: autoDraw = False
47.3076 	EXP 	grid_lines_2: autoDraw = True
47.3076 	EXP 	target_square_2: autoDraw = True
48.3058 	EXP 	target_square_2: autoDraw = False
48.3058 	EXP 	fixation_3: autoDraw = True
49.2976 	EXP 	fixation_3: autoDraw = False
49.2984 	EXP 	New trial (rep=0, index=7): <Trial 7 (7 in rep 0) data={'location': [0.2, 0.2], 'corrAns': None, 'thisN': 7, 'thisTrialN': 7, 'thisRepN': 0}>
49.3051 	EXP 	grid_lines_2: autoDraw = False
49.3051 	EXP 	grid_lines_2: autoDraw = False
49.3051 	EXP 	target_square_2: autoDraw = False
49.3051 	EXP 	fixation_3: autoDraw = False
49.3051 	EXP 	grid_lines_2: autoDraw = True
49.3051 	EXP 	target_square_2: autoDraw = True
50.2972 	EXP 	target_square_2: autoDraw = False
50.3054 	EXP 	fixation_3: autoDraw = True
51.2903 	EXP 	New trial (rep=0, index=8): <Trial 8 (8 in rep 0) data={'location': [0, -0.2], 'corrAns': 'space', 'thisN': 8, 'thisTrialN': 8, 'thisRepN': 0}>
51.2974 	EXP 	grid_lines_2: autoDraw = False
51.2974 	EXP 	fixation_3: autoDraw = False
51.2974 	EXP 	grid_lines_2: autoDraw = False
51.2974 	EXP 	target_square_2: autoDraw = False
51.2974 	EXP 	fixation_3: autoDraw = False
51.3056 	EXP 	grid_lines_2: autoDraw = True
51.3056 	EXP 	target_square_2: autoDraw = True
51.7421 	EXP 	Device response: <KeyPress from None: t=51.739231200073846, value=space, duration=None>
51.7428 	DATA 	Keypress: space
51.8813 	EXP 	Device response: <KeyPress from None: t=51.739231200073846, value=space, duration=0.13853539992123842>
52.2985 	EXP 	target_square_2: autoDraw = False
52.3059 	EXP 	fixation_3: autoDraw = True
53.2908 	EXP 	New trial (rep=0, index=9): <Trial 9 (9 in rep 0) data={'location': [0, 0], 'corrAns': None, 'thisN': 9, 'thisTrialN': 9, 'thisRepN': 0}>
53.2984 	EXP 	grid_lines_2: autoDraw = False
53.2984 	EXP 	fixation_3: autoDraw = False
53.2984 	EXP 	grid_lines_2: autoDraw = False
53.2984 	EXP 	target_square_2: autoDraw = False
53.2984 	EXP 	fixation_3: autoDraw = False
53.3071 	EXP 	grid_lines_2: autoDraw = True
53.3071 	EXP 	target_square_2: autoDraw = True
54.2980 	EXP 	target_square_2: autoDraw = False
54.3057 	EXP 	fixation_3: autoDraw = True
55.2903 	EXP 	New trial (rep=0, index=10): <Trial 10 (10 in rep 0) data={'location': [0.2, 0], 'corrAns': None, 'thisN': 10, 'thisTrialN': 10, 'thisRepN': 0}>
55.2974 	EXP 	grid_lines_2: autoDraw = False
55.2974 	EXP 	fixation_3: autoDraw = False
55.2974 	EXP 	grid_lines_2: autoDraw = False
55.2974 	EXP 	target_square_2: autoDraw = False
55.2974 	EXP 	fixation_3: autoDraw = False
55.3064 	EXP 	grid_lines_2: autoDraw = True
55.3064 	EXP 	target_square_2: autoDraw = True
56.2975 	EXP 	target_square_2: autoDraw = False
56.3060 	EXP 	fixation_3: autoDraw = True
57.2909 	EXP 	New trial (rep=0, index=11): <Trial 11 (11 in rep 0) data={'location': [0, 0], 'corrAns': 'space', 'thisN': 11, 'thisTrialN': 11, 'thisRepN': 0}>
57.2971 	EXP 	grid_lines_2: autoDraw = False
57.2971 	EXP 	fixation_3: autoDraw = False
57.2971 	EXP 	grid_lines_2: autoDraw = False
57.2971 	EXP 	target_square_2: autoDraw = False
57.2971 	EXP 	fixation_3: autoDraw = False
57.3068 	EXP 	grid_lines_2: autoDraw = True
57.3068 	EXP 	target_square_2: autoDraw = True
57.7441 	DATA 	Keypress: space
57.7509 	EXP 	Device response: <KeyPress from None: t=57.74249309999868, value=space, duration=None>
57.8828 	EXP 	Device response: <KeyPress from None: t=57.74249309999868, value=space, duration=0.13691760005895048>
58.2991 	EXP 	target_square_2: autoDraw = False
58.3073 	EXP 	fixation_3: autoDraw = True
59.2911 	EXP 	New trial (rep=0, index=12): <Trial 12 (12 in rep 0) data={'location': [0.2, -0.2], 'corrAns': None, 'thisN': 12, 'thisTrialN': 12, 'thisRepN': 0}>
59.2985 	EXP 	grid_lines_2: autoDraw = False
59.2985 	EXP 	fixation_3: autoDraw = False
59.2985 	EXP 	grid_lines_2: autoDraw = False
59.2985 	EXP 	target_square_2: autoDraw = False
59.2985 	EXP 	fixation_3: autoDraw = False
59.3071 	EXP 	grid_lines_2: autoDraw = True
59.3071 	EXP 	target_square_2: autoDraw = True
60.3042 	EXP 	target_square_2: autoDraw = False
60.3125 	EXP 	fixation_3: autoDraw = True
61.2981 	EXP 	New trial (rep=0, index=13): <Trial 13 (13 in rep 0) data={'location': [-0.2, -0.2], 'corrAns': None, 'thisN': 13, 'thisTrialN': 13, 'thisRepN': 0}>
61.3058 	EXP 	grid_lines_2: autoDraw = False
61.3058 	EXP 	fixation_3: autoDraw = False
61.3058 	EXP 	grid_lines_2: autoDraw = False
61.3058 	EXP 	target_square_2: autoDraw = False
61.3058 	EXP 	fixation_3: autoDraw = False
61.3058 	EXP 	grid_lines_2: autoDraw = True
61.3058 	EXP 	target_square_2: autoDraw = True
62.3032 	EXP 	target_square_2: autoDraw = False
62.3099 	EXP 	fixation_3: autoDraw = True
63.2977 	EXP 	grid_lines_2: autoDraw = False
63.2986 	EXP 	New trial (rep=0, index=14): <Trial 14 (14 in rep 0) data={'location': [0.2, -0.2], 'corrAns': None, 'thisN': 14, 'thisTrialN': 14, 'thisRepN': 0}>
63.3054 	EXP 	fixation_3: autoDraw = False
63.3054 	EXP 	grid_lines_2: autoDraw = False
63.3054 	EXP 	target_square_2: autoDraw = False
63.3054 	EXP 	fixation_3: autoDraw = False
63.3054 	EXP 	grid_lines_2: autoDraw = True
63.3054 	EXP 	target_square_2: autoDraw = True
64.0561 	EXP 	Device response: <KeyPress from None: t=64.04953870002646, value=space, duration=None>
64.0577 	DATA 	Keypress: space
64.1731 	EXP 	Device response: <KeyPress from None: t=64.04953870002646, value=space, duration=0.12014969997107983>
64.2972 	EXP 	target_square_2: autoDraw = False
64.3054 	EXP 	fixation_3: autoDraw = True
65.2894 	EXP 	New trial (rep=0, index=15): <Trial 15 (15 in rep 0) data={'location': [-0.2, -0.2], 'corrAns': 'space', 'thisN': 15, 'thisTrialN': 15, 'thisRepN': 0}>
65.2982 	EXP 	grid_lines_2: autoDraw = False
65.2982 	EXP 	fixation_3: autoDraw = False
65.2982 	EXP 	grid_lines_2: autoDraw = False
65.2982 	EXP 	target_square_2: autoDraw = False
65.2982 	EXP 	fixation_3: autoDraw = False
65.3061 	EXP 	grid_lines_2: autoDraw = True
65.3061 	EXP 	target_square_2: autoDraw = True
66.1326 	DATA 	Keypress: space
66.1402 	EXP 	Device response: <KeyPress from None: t=66.13202420005109, value=space, duration=None>
66.3641 	EXP 	Device response: <KeyPress from None: t=66.13202420005109, value=space, duration=0.140383500023745>
66.3813 	EXP 	target_square_2: autoDraw = False
66.3813 	EXP 	fixation_3: autoDraw = True
67.3043 	EXP 	grid_lines_2: autoDraw = False
67.3199 	EXP 	New trial (rep=0, index=16): <Trial 16 (16 in rep 0) data={'location': [0, 0.2], 'corrAns': None, 'thisN': 16, 'thisTrialN': 16, 'thisRepN': 0}>
67.3277 	EXP 	grid_lines_2: autoDraw = False
67.3277 	EXP 	target_square_2: autoDraw = False
67.3277 	EXP 	fixation_3: autoDraw = False
67.3277 	EXP 	grid_lines_2: autoDraw = True
67.3277 	EXP 	target_square_2: autoDraw = True
68.3113 	EXP 	fixation_3: autoDraw = True
68.3197 	EXP 	target_square_2: autoDraw = False
69.3036 	EXP 	fixation_3: autoDraw = False
69.3122 	EXP 	New trial (rep=0, index=17): <Trial 17 (17 in rep 0) data={'location': [0.2, 0.2], 'corrAns': None, 'thisN': 17, 'thisTrialN': 17, 'thisRepN': 0}>
69.3196 	EXP 	grid_lines_2: autoDraw = False
69.3196 	EXP 	grid_lines_2: autoDraw = False
69.3196 	EXP 	target_square_2: autoDraw = False
69.3196 	EXP 	fixation_3: autoDraw = False
69.3196 	EXP 	grid_lines_2: autoDraw = True
69.3196 	EXP 	target_square_2: autoDraw = True
70.3121 	EXP 	target_square_2: autoDraw = False
70.3121 	EXP 	fixation_3: autoDraw = True
71.3034 	EXP 	fixation_3: autoDraw = False
71.3044 	EXP 	New trial (rep=0, index=18): <Trial 18 (18 in rep 0) data={'location': [0, 0], 'corrAns': None, 'thisN': 18, 'thisTrialN': 18, 'thisRepN': 0}>
71.3110 	EXP 	grid_lines_2: autoDraw = False
71.3110 	EXP 	grid_lines_2: autoDraw = False
71.3110 	EXP 	target_square_2: autoDraw = False
71.3110 	EXP 	fixation_3: autoDraw = False
71.3110 	EXP 	grid_lines_2: autoDraw = True
71.3110 	EXP 	target_square_2: autoDraw = True
72.3033 	EXP 	target_square_2: autoDraw = False
72.3113 	EXP 	fixation_3: autoDraw = True
73.2957 	EXP 	New trial (rep=0, index=19): <Trial 19 (19 in rep 0) data={'location': [0, -0.2], 'corrAns': None, 'thisN': 19, 'thisTrialN': 19, 'thisRepN': 0}>
73.3036 	EXP 	grid_lines_2: autoDraw = False
73.3036 	EXP 	fixation_3: autoDraw = False
73.3036 	EXP 	grid_lines_2: autoDraw = False
73.3036 	EXP 	target_square_2: autoDraw = False
73.3036 	EXP 	fixation_3: autoDraw = False
73.3126 	EXP 	grid_lines_2: autoDraw = True
73.3126 	EXP 	target_square_2: autoDraw = True
74.3036 	EXP 	target_square_2: autoDraw = False
74.3119 	EXP 	fixation_3: autoDraw = True
75.2964 	EXP 	New trial (rep=0, index=20): <Trial 20 (20 in rep 0) data={'location': [0.2, 0], 'corrAns': None, 'thisN': 20, 'thisTrialN': 20, 'thisRepN': 0}>
75.3037 	EXP 	grid_lines_2: autoDraw = False
75.3037 	EXP 	fixation_3: autoDraw = False
75.3037 	EXP 	grid_lines_2: autoDraw = False
75.3037 	EXP 	target_square_2: autoDraw = False
75.3037 	EXP 	fixation_3: autoDraw = False
75.3113 	EXP 	grid_lines_2: autoDraw = True
75.3113 	EXP 	target_square_2: autoDraw = True
76.3040 	EXP 	target_square_2: autoDraw = False
76.3123 	EXP 	fixation_3: autoDraw = True
77.2957 	EXP 	New trial (rep=0, index=21): <Trial 21 (21 in rep 0) data={'location': [0, -0.2], 'corrAns': 'space', 'thisN': 21, 'thisTrialN': 21, 'thisRepN': 0}>
77.3035 	EXP 	grid_lines_2: autoDraw = False
77.3035 	EXP 	fixation_3: autoDraw = False
77.3035 	EXP 	grid_lines_2: autoDraw = False
77.3035 	EXP 	target_square_2: autoDraw = False
77.3035 	EXP 	fixation_3: autoDraw = False
77.3126 	EXP 	grid_lines_2: autoDraw = True
77.3126 	EXP 	target_square_2: autoDraw = True
78.0959 	EXP 	Device response: <KeyPress from None: t=78.09489599999506, value=space, duration=None>
78.0972 	DATA 	Keypress: space
78.2286 	EXP 	Device response: <KeyPress from None: t=78.09489599999506, value=space, duration=0.12798119999933988>
78.3031 	EXP 	target_square_2: autoDraw = False
78.3112 	EXP 	fixation_3: autoDraw = True
79.2962 	EXP 	New trial (rep=0, index=22): <Trial 22 (22 in rep 0) data={'location': [-0.2, 0.2], 'corrAns': None, 'thisN': 22, 'thisTrialN': 22, 'thisRepN': 0}>
79.3045 	EXP 	grid_lines_2: autoDraw = False
79.3045 	EXP 	fixation_3: autoDraw = False
79.3045 	EXP 	grid_lines_2: autoDraw = False
79.3045 	EXP 	target_square_2: autoDraw = False
79.3045 	EXP 	fixation_3: autoDraw = False
79.3126 	EXP 	grid_lines_2: autoDraw = True
79.3126 	EXP 	target_square_2: autoDraw = True
80.3036 	EXP 	target_square_2: autoDraw = False
80.3112 	EXP 	fixation_3: autoDraw = True
81.2977 	EXP 	New trial (rep=0, index=23): <Trial 23 (23 in rep 0) data={'location': [0.2, -0.2], 'corrAns': None, 'thisN': 23, 'thisTrialN': 23, 'thisRepN': 0}>
81.3057 	EXP 	grid_lines_2: autoDraw = False
81.3057 	EXP 	fixation_3: autoDraw = False
81.3057 	EXP 	grid_lines_2: autoDraw = False
81.3057 	EXP 	target_square_2: autoDraw = False
81.3057 	EXP 	fixation_3: autoDraw = False
81.3121 	EXP 	grid_lines_2: autoDraw = True
81.3121 	EXP 	target_square_2: autoDraw = True
82.3044 	EXP 	target_square_2: autoDraw = False
82.3134 	EXP 	fixation_3: autoDraw = True
83.2969 	EXP 	New trial (rep=0, index=24): <Trial 24 (24 in rep 0) data={'location': [0, 0.2], 'corrAns': 'space', 'thisN': 24, 'thisTrialN': 24, 'thisRepN': 0}>
83.3041 	EXP 	grid_lines_2: autoDraw = False
83.3041 	EXP 	fixation_3: autoDraw = False
83.3041 	EXP 	grid_lines_2: autoDraw = False
83.3041 	EXP 	target_square_2: autoDraw = False
83.3041 	EXP 	fixation_3: autoDraw = False
83.3124 	EXP 	grid_lines_2: autoDraw = True
83.3124 	EXP 	target_square_2: autoDraw = True
84.3078 	EXP 	target_square_2: autoDraw = False
84.3078 	EXP 	fixation_3: autoDraw = True
85.2997 	EXP 	New trial (rep=0, index=25): <Trial 25 (25 in rep 0) data={'location': [0, 0], 'corrAns': None, 'thisN': 25, 'thisTrialN': 25, 'thisRepN': 0}>
85.3061 	EXP 	grid_lines_2: autoDraw = False
85.3061 	EXP 	fixation_3: autoDraw = False
85.3061 	EXP 	grid_lines_2: autoDraw = False
85.3061 	EXP 	target_square_2: autoDraw = False
85.3061 	EXP 	fixation_3: autoDraw = False
85.3061 	EXP 	grid_lines_2: autoDraw = True
85.3061 	EXP 	target_square_2: autoDraw = True
86.3006 	EXP 	target_square_2: autoDraw = False
86.3090 	EXP 	fixation_3: autoDraw = True
87.2930 	EXP 	New trial (rep=0, index=26): <Trial 26 (26 in rep 0) data={'location': [0.2, 0.2], 'corrAns': None, 'thisN': 26, 'thisTrialN': 26, 'thisRepN': 0}>
87.3011 	EXP 	grid_lines_2: autoDraw = False
87.3011 	EXP 	fixation_3: autoDraw = False
87.3011 	EXP 	grid_lines_2: autoDraw = False
87.3011 	EXP 	target_square_2: autoDraw = False
87.3011 	EXP 	fixation_3: autoDraw = False
87.3091 	EXP 	grid_lines_2: autoDraw = True
87.3091 	EXP 	target_square_2: autoDraw = True
88.3022 	EXP 	target_square_2: autoDraw = False
88.3102 	EXP 	fixation_3: autoDraw = True
89.2945 	EXP 	New trial (rep=0, index=27): <Trial 27 (27 in rep 0) data={'location': [0, 0], 'corrAns': 'space', 'thisN': 27, 'thisTrialN': 27, 'thisRepN': 0}>
89.3027 	EXP 	grid_lines_2: autoDraw = False
89.3027 	EXP 	fixation_3: autoDraw = False
89.3027 	EXP 	grid_lines_2: autoDraw = False
89.3027 	EXP 	target_square_2: autoDraw = False
89.3027 	EXP 	fixation_3: autoDraw = False
89.3102 	EXP 	grid_lines_2: autoDraw = True
89.3102 	EXP 	target_square_2: autoDraw = True
89.9943 	EXP 	Device response: <KeyPress from None: t=89.99230659997556, value=space, duration=None>
89.9955 	DATA 	Keypress: space
90.1198 	EXP 	Device response: <KeyPress from None: t=89.99230659997556, value=space, duration=0.12643589999061078>
90.3034 	EXP 	target_square_2: autoDraw = False
90.3122 	EXP 	fixation_3: autoDraw = True
91.2967 	EXP 	New trial (rep=0, index=28): <Trial 28 (28 in rep 0) data={'location': [0, 0], 'corrAns': None, 'thisN': 28, 'thisTrialN': 28, 'thisRepN': 0}>
91.3026 	EXP 	grid_lines_2: autoDraw = False
91.3026 	EXP 	fixation_3: autoDraw = False
91.3026 	EXP 	grid_lines_2: autoDraw = False
91.3026 	EXP 	target_square_2: autoDraw = False
91.3026 	EXP 	fixation_3: autoDraw = False
91.3101 	EXP 	grid_lines_2: autoDraw = True
91.3101 	EXP 	target_square_2: autoDraw = True
92.3044 	EXP 	target_square_2: autoDraw = False
92.3118 	EXP 	fixation_3: autoDraw = True
93.3023 	EXP 	grid_lines_2: autoDraw = False
93.3032 	EXP 	New trial (rep=0, index=29): <Trial 29 (29 in rep 0) data={'location': [0.2, 0], 'corrAns': None, 'thisN': 29, 'thisTrialN': 29, 'thisRepN': 0}>
93.3118 	EXP 	fixation_3: autoDraw = False
93.3118 	EXP 	grid_lines_2: autoDraw = False
93.3118 	EXP 	target_square_2: autoDraw = False
93.3118 	EXP 	fixation_3: autoDraw = False
93.3118 	EXP 	grid_lines_2: autoDraw = True
93.3118 	EXP 	target_square_2: autoDraw = True
94.3024 	EXP 	target_square_2: autoDraw = False
94.3109 	EXP 	fixation_3: autoDraw = True
95.3023 	EXP 	fixation_3: autoDraw = False
95.3031 	EXP 	New trial (rep=0, index=30): <Trial 30 (30 in rep 0) data={'location': [0, 0], 'corrAns': 'space', 'thisN': 30, 'thisTrialN': 30, 'thisRepN': 0}>
95.3102 	EXP 	grid_lines_2: autoDraw = False
95.3102 	EXP 	grid_lines_2: autoDraw = False
95.3102 	EXP 	target_square_2: autoDraw = False
95.3102 	EXP 	fixation_3: autoDraw = False
95.3102 	EXP 	grid_lines_2: autoDraw = True
95.3102 	EXP 	target_square_2: autoDraw = True
96.0456 	EXP 	Device response: <KeyPress from None: t=96.03865910007153, value=space, duration=None>
96.0485 	DATA 	Keypress: space
96.1781 	EXP 	Device response: <KeyPress from None: t=96.03865910007153, value=space, duration=0.1346313999965787>
96.3032 	EXP 	target_square_2: autoDraw = False
96.3107 	EXP 	fixation_3: autoDraw = True
97.2952 	EXP 	New trial (rep=0, index=31): <Trial 31 (31 in rep 0) data={'location': [0.2, 0.2], 'corrAns': None, 'thisN': 31, 'thisTrialN': 31, 'thisRepN': 0}>
97.3031 	EXP 	grid_lines_2: autoDraw = False
97.3031 	EXP 	fixation_3: autoDraw = False
97.3031 	EXP 	grid_lines_2: autoDraw = False
97.3031 	EXP 	target_square_2: autoDraw = False
97.3031 	EXP 	fixation_3: autoDraw = False
97.3105 	EXP 	grid_lines_2: autoDraw = True
97.3105 	EXP 	target_square_2: autoDraw = True
98.3019 	EXP 	target_square_2: autoDraw = False
98.3104 	EXP 	fixation_3: autoDraw = True
99.2946 	EXP 	New trial (rep=0, index=32): <Trial 32 (32 in rep 0) data={'location': [0, 0.2], 'corrAns': None, 'thisN': 32, 'thisTrialN': 32, 'thisRepN': 0}>
99.3021 	EXP 	grid_lines_2: autoDraw = False
99.3021 	EXP 	fixation_3: autoDraw = False
99.3021 	EXP 	grid_lines_2: autoDraw = False
99.3021 	EXP 	target_square_2: autoDraw = False
99.3021 	EXP 	fixation_3: autoDraw = False
99.3113 	EXP 	grid_lines_2: autoDraw = True
99.3113 	EXP 	target_square_2: autoDraw = True
100.3027 	EXP 	target_square_2: autoDraw = False
100.3108 	EXP 	fixation_3: autoDraw = True
101.2949 	EXP 	New trial (rep=0, index=33): <Trial 33 (33 in rep 0) data={'location': [-0.2, 0.2], 'corrAns': None, 'thisN': 33, 'thisTrialN': 33, 'thisRepN': 0}>
101.3027 	EXP 	grid_lines_2: autoDraw = False
101.3027 	EXP 	fixation_3: autoDraw = False
101.3027 	EXP 	grid_lines_2: autoDraw = False
101.3027 	EXP 	target_square_2: autoDraw = False
101.3027 	EXP 	fixation_3: autoDraw = False
101.3108 	EXP 	grid_lines_2: autoDraw = True
101.3108 	EXP 	target_square_2: autoDraw = True
102.3027 	EXP 	target_square_2: autoDraw = False
102.3114 	EXP 	fixation_3: autoDraw = True
103.3027 	EXP 	grid_lines_2: autoDraw = False
103.3038 	EXP 	New trial (rep=0, index=34): <Trial 34 (34 in rep 0) data={'location': [0.2, 0], 'corrAns': None, 'thisN': 34, 'thisTrialN': 34, 'thisRepN': 0}>
103.3106 	EXP 	fixation_3: autoDraw = False
103.3106 	EXP 	grid_lines_2: autoDraw = False
103.3106 	EXP 	target_square_2: autoDraw = False
103.3106 	EXP 	fixation_3: autoDraw = False
103.3106 	EXP 	grid_lines_2: autoDraw = True
103.3106 	EXP 	target_square_2: autoDraw = True
104.3025 	EXP 	target_square_2: autoDraw = False
104.3103 	EXP 	fixation_3: autoDraw = True
105.2947 	EXP 	New trial (rep=0, index=35): <Trial 35 (35 in rep 0) data={'location': [-0.2, 0.2], 'corrAns': 'space', 'thisN': 35, 'thisTrialN': 35, 'thisRepN': 0}>
105.3025 	EXP 	grid_lines_2: autoDraw = False
105.3025 	EXP 	fixation_3: autoDraw = False
105.3025 	EXP 	grid_lines_2: autoDraw = False
105.3025 	EXP 	target_square_2: autoDraw = False
105.3025 	EXP 	fixation_3: autoDraw = False
105.3109 	EXP 	grid_lines_2: autoDraw = True
105.3109 	EXP 	target_square_2: autoDraw = True
105.6871 	EXP 	Device response: <KeyPress from None: t=105.68229819997214, value=space, duration=None>
105.6886 	DATA 	Keypress: space
105.8216 	EXP 	Device response: <KeyPress from None: t=105.68229819997214, value=space, duration=0.13053610001225024>
106.3032 	EXP 	target_square_2: autoDraw = False
106.3118 	EXP 	fixation_3: autoDraw = True
107.3025 	EXP 	grid_lines_2: autoDraw = False
107.3039 	EXP 	New trial (rep=0, index=36): <Trial 36 (36 in rep 0) data={'location': [0.2, 0], 'corrAns': 'space', 'thisN': 36, 'thisTrialN': 36, 'thisRepN': 0}>
107.3111 	EXP 	fixation_3: autoDraw = False
107.3111 	EXP 	grid_lines_2: autoDraw = False
107.3111 	EXP 	target_square_2: autoDraw = False
107.3111 	EXP 	fixation_3: autoDraw = False
107.3111 	EXP 	grid_lines_2: autoDraw = True
107.3111 	EXP 	target_square_2: autoDraw = True
107.8730 	EXP 	Device response: <KeyPress from None: t=107.86661510006525, value=space, duration=None>
107.8743 	DATA 	Keypress: space
108.0065 	EXP 	Device response: <KeyPress from None: t=107.86661510006525, value=space, duration=0.1366353000048548>
108.3073 	EXP 	target_square_2: autoDraw = False
108.3073 	EXP 	fixation_3: autoDraw = True
109.2977 	EXP 	fixation_3: autoDraw = False
109.2987 	EXP 	New trial (rep=0, index=37): <Trial 37 (37 in rep 0) data={'location': [0.2, -0.2], 'corrAns': None, 'thisN': 37, 'thisTrialN': 37, 'thisRepN': 0}>
109.3057 	EXP 	grid_lines_2: autoDraw = False
109.3057 	EXP 	grid_lines_2: autoDraw = False
109.3057 	EXP 	target_square_2: autoDraw = False
109.3057 	EXP 	fixation_3: autoDraw = False
109.3057 	EXP 	grid_lines_2: autoDraw = True
109.3057 	EXP 	target_square_2: autoDraw = True
110.2996 	EXP 	target_square_2: autoDraw = False
110.3071 	EXP 	fixation_3: autoDraw = True
111.2985 	EXP 	grid_lines_2: autoDraw = False
111.3001 	EXP 	New trial (rep=0, index=38): <Trial 38 (38 in rep 0) data={'location': [-0.2, 0.2], 'corrAns': None, 'thisN': 38, 'thisTrialN': 38, 'thisRepN': 0}>
111.3101 	EXP 	fixation_3: autoDraw = False
111.3101 	EXP 	grid_lines_2: autoDraw = False
111.3101 	EXP 	target_square_2: autoDraw = False
111.3101 	EXP 	fixation_3: autoDraw = False
111.3101 	EXP 	grid_lines_2: autoDraw = True
111.3101 	EXP 	target_square_2: autoDraw = True
112.3068 	EXP 	target_square_2: autoDraw = False
112.3068 	EXP 	fixation_3: autoDraw = True
113.2998 	EXP 	fixation_3: autoDraw = False
113.3006 	EXP 	New trial (rep=0, index=39): <Trial 39 (39 in rep 0) data={'location': [-0.2, -0.2], 'corrAns': None, 'thisN': 39, 'thisTrialN': 39, 'thisRepN': 0}>
113.3094 	EXP 	grid_lines_2: autoDraw = False
113.3094 	EXP 	grid_lines_2: autoDraw = False
113.3094 	EXP 	target_square_2: autoDraw = False
113.3094 	EXP 	fixation_3: autoDraw = False
113.3094 	EXP 	grid_lines_2: autoDraw = True
113.3094 	EXP 	target_square_2: autoDraw = True
114.3012 	EXP 	target_square_2: autoDraw = False
114.3088 	EXP 	fixation_3: autoDraw = True
115.2937 	EXP 	New trial (rep=0, index=40): <Trial 40 (40 in rep 0) data={'location': [0, 0], 'corrAns': None, 'thisN': 40, 'thisTrialN': 40, 'thisRepN': 0}>
115.3026 	EXP 	grid_lines_2: autoDraw = False
115.3026 	EXP 	fixation_3: autoDraw = False
115.3026 	EXP 	grid_lines_2: autoDraw = False
115.3026 	EXP 	target_square_2: autoDraw = False
115.3026 	EXP 	fixation_3: autoDraw = False
115.3097 	EXP 	grid_lines_2: autoDraw = True
115.3097 	EXP 	target_square_2: autoDraw = True
116.3007 	EXP 	target_square_2: autoDraw = False
116.3092 	EXP 	fixation_3: autoDraw = True
117.2930 	EXP 	New trial (rep=0, index=41): <Trial 41 (41 in rep 0) data={'location': [-0.2, -0.2], 'corrAns': 'space', 'thisN': 41, 'thisTrialN': 41, 'thisRepN': 0}>
117.3014 	EXP 	grid_lines_2: autoDraw = False
117.3014 	EXP 	fixation_3: autoDraw = False
117.3014 	EXP 	grid_lines_2: autoDraw = False
117.3014 	EXP 	target_square_2: autoDraw = False
117.3014 	EXP 	fixation_3: autoDraw = False
117.3087 	EXP 	grid_lines_2: autoDraw = True
117.3087 	EXP 	target_square_2: autoDraw = True
118.2446 	DATA 	Keypress: space
118.2514 	EXP 	Device response: <KeyPress from None: t=118.24306290003005, value=space, duration=None>
118.3007 	EXP 	target_square_2: autoDraw = False
118.3085 	EXP 	fixation_3: autoDraw = True
118.3677 	EXP 	Device response: <KeyPress from None: t=118.24306290003005, value=space, duration=0.12318500003311783>
119.2937 	EXP 	New trial (rep=0, index=42): <Trial 42 (42 in rep 0) data={'location': [-0.2, -0.2], 'corrAns': None, 'thisN': 42, 'thisTrialN': 42, 'thisRepN': 0}>
119.3003 	EXP 	grid_lines_2: autoDraw = False
119.3003 	EXP 	fixation_3: autoDraw = False
119.3003 	EXP 	grid_lines_2: autoDraw = False
119.3003 	EXP 	target_square_2: autoDraw = False
119.3003 	EXP 	fixation_3: autoDraw = False
119.3093 	EXP 	grid_lines_2: autoDraw = True
119.3093 	EXP 	target_square_2: autoDraw = True
120.3016 	EXP 	target_square_2: autoDraw = False
120.3093 	EXP 	fixation_3: autoDraw = True
121.2942 	EXP 	New trial (rep=0, index=43): <Trial 43 (43 in rep 0) data={'location': [0.2, -0.2], 'corrAns': None, 'thisN': 43, 'thisTrialN': 43, 'thisRepN': 0}>
121.3007 	EXP 	grid_lines_2: autoDraw = False
121.3007 	EXP 	fixation_3: autoDraw = False
121.3007 	EXP 	grid_lines_2: autoDraw = False
121.3007 	EXP 	target_square_2: autoDraw = False
121.3007 	EXP 	fixation_3: autoDraw = False
121.3086 	EXP 	grid_lines_2: autoDraw = True
121.3086 	EXP 	target_square_2: autoDraw = True
122.3017 	EXP 	target_square_2: autoDraw = False
122.3081 	EXP 	fixation_3: autoDraw = True
123.2943 	EXP 	New trial (rep=0, index=44): <Trial 44 (44 in rep 0) data={'location': [0, 0], 'corrAns': None, 'thisN': 44, 'thisTrialN': 44, 'thisRepN': 0}>
123.3001 	EXP 	grid_lines_2: autoDraw = False
123.3001 	EXP 	fixation_3: autoDraw = False
123.3001 	EXP 	grid_lines_2: autoDraw = False
123.3001 	EXP 	target_square_2: autoDraw = False
123.3001 	EXP 	fixation_3: autoDraw = False
123.3092 	EXP 	grid_lines_2: autoDraw = True
123.3092 	EXP 	target_square_2: autoDraw = True
124.2997 	EXP 	target_square_2: autoDraw = False
124.3088 	EXP 	fixation_3: autoDraw = True
125.2976 	EXP 	New trial (rep=0, index=45): <Trial 45 (45 in rep 0) data={'location': [0, 0.2], 'corrAns': None, 'thisN': 45, 'thisTrialN': 45, 'thisRepN': 0}>
125.3052 	EXP 	grid_lines_2: autoDraw = False
125.3052 	EXP 	fixation_3: autoDraw = False
125.3052 	EXP 	grid_lines_2: autoDraw = False
125.3052 	EXP 	target_square_2: autoDraw = False
125.3052 	EXP 	fixation_3: autoDraw = False
125.3052 	EXP 	grid_lines_2: autoDraw = True
125.3052 	EXP 	target_square_2: autoDraw = True
126.2954 	EXP 	target_square_2: autoDraw = False
126.3118 	EXP 	fixation_3: autoDraw = True
127.2953 	EXP 	grid_lines_2: autoDraw = False
127.2962 	EXP 	New trial (rep=0, index=46): <Trial 46 (46 in rep 0) data={'location': [0, 0], 'corrAns': 'space', 'thisN': 46, 'thisTrialN': 46, 'thisRepN': 0}>
127.3049 	EXP 	fixation_3: autoDraw = False
127.3049 	EXP 	grid_lines_2: autoDraw = False
127.3049 	EXP 	target_square_2: autoDraw = False
127.3049 	EXP 	fixation_3: autoDraw = False
127.3119 	EXP 	grid_lines_2: autoDraw = True
127.3119 	EXP 	target_square_2: autoDraw = True
128.3066 	EXP 	target_square_2: autoDraw = False
128.3066 	EXP 	fixation_3: autoDraw = True
129.2967 	EXP 	New trial (rep=0, index=47): <Trial 47 (47 in rep 0) data={'location': [0.2, -0.2], 'corrAns': None, 'thisN': 47, 'thisTrialN': 47, 'thisRepN': 0}>
129.3040 	EXP 	grid_lines_2: autoDraw = False
129.3040 	EXP 	fixation_3: autoDraw = False
129.3040 	EXP 	grid_lines_2: autoDraw = False
129.3040 	EXP 	target_square_2: autoDraw = False
129.3040 	EXP 	fixation_3: autoDraw = False
129.3138 	EXP 	grid_lines_2: autoDraw = True
129.3138 	EXP 	target_square_2: autoDraw = True
130.3124 	EXP 	target_square_2: autoDraw = False
130.3124 	EXP 	fixation_3: autoDraw = True
131.3042 	EXP 	fixation_3: autoDraw = False
131.3053 	EXP 	New trial (rep=0, index=48): <Trial 48 (48 in rep 0) data={'location': [-0.2, -0.2], 'corrAns': None, 'thisN': 48, 'thisTrialN': 48, 'thisRepN': 0}>
131.3139 	EXP 	grid_lines_2: autoDraw = False
131.3139 	EXP 	grid_lines_2: autoDraw = False
131.3139 	EXP 	target_square_2: autoDraw = False
131.3139 	EXP 	fixation_3: autoDraw = False
131.3139 	EXP 	grid_lines_2: autoDraw = True
131.3139 	EXP 	target_square_2: autoDraw = True
132.3043 	EXP 	target_square_2: autoDraw = False
132.3043 	EXP 	fixation_3: autoDraw = True
133.3004 	EXP 	fixation_3: autoDraw = False
133.3013 	EXP 	New trial (rep=0, index=49): <Trial 49 (49 in rep 0) data={'location': [0.2, 0], 'corrAns': None, 'thisN': 49, 'thisTrialN': 49, 'thisRepN': 0}>
133.3098 	EXP 	grid_lines_2: autoDraw = False
133.3098 	EXP 	grid_lines_2: autoDraw = False
133.3098 	EXP 	target_square_2: autoDraw = False
133.3098 	EXP 	fixation_3: autoDraw = False
133.3098 	EXP 	grid_lines_2: autoDraw = True
133.3098 	EXP 	target_square_2: autoDraw = True
134.3047 	EXP 	target_square_2: autoDraw = False
134.3047 	EXP 	fixation_3: autoDraw = True
135.2968 	EXP 	fixation_3: autoDraw = False
135.2977 	EXP 	New trial (rep=0, index=50): <Trial 50 (50 in rep 0) data={'location': [-0.2, -0.2], 'corrAns': 'space', 'thisN': 50, 'thisTrialN': 50, 'thisRepN': 0}>
135.3047 	EXP 	grid_lines_2: autoDraw = False
135.3047 	EXP 	grid_lines_2: autoDraw = False
135.3047 	EXP 	target_square_2: autoDraw = False
135.3047 	EXP 	fixation_3: autoDraw = False
135.3047 	EXP 	grid_lines_2: autoDraw = True
135.3047 	EXP 	target_square_2: autoDraw = True
136.2966 	EXP 	target_square_2: autoDraw = False
136.3131 	EXP 	fixation_3: autoDraw = True
137.2969 	EXP 	grid_lines_2: autoDraw = False
137.2976 	EXP 	New trial (rep=0, index=51): <Trial 51 (51 in rep 0) data={'location': [0.2, 0], 'corrAns': 'space', 'thisN': 51, 'thisTrialN': 51, 'thisRepN': 0}>
137.3058 	EXP 	fixation_3: autoDraw = False
137.3058 	EXP 	grid_lines_2: autoDraw = False
137.3058 	EXP 	target_square_2: autoDraw = False
137.3058 	EXP 	fixation_3: autoDraw = False
137.3058 	EXP 	grid_lines_2: autoDraw = True
137.3058 	EXP 	target_square_2: autoDraw = True
138.2136 	EXP 	Device response: <KeyPress from None: t=138.20993750006892, value=space, duration=None>
138.2149 	DATA 	Keypress: space
138.2972 	EXP 	target_square_2: autoDraw = False
138.3054 	EXP 	fixation_3: autoDraw = True
138.3561 	EXP 	Device response: <KeyPress from None: t=138.20993750006892, value=space, duration=0.14402409992180765>
139.2974 	EXP 	fixation_3: autoDraw = False
139.2986 	EXP 	New trial (rep=0, index=52): <Trial 52 (52 in rep 0) data={'location': [0.2, 0], 'corrAns': None, 'thisN': 52, 'thisTrialN': 52, 'thisRepN': 0}>
139.3065 	EXP 	grid_lines_2: autoDraw = False
139.3065 	EXP 	grid_lines_2: autoDraw = False
139.3065 	EXP 	target_square_2: autoDraw = False
139.3065 	EXP 	fixation_3: autoDraw = False
139.3065 	EXP 	grid_lines_2: autoDraw = True
139.3065 	EXP 	target_square_2: autoDraw = True
140.2974 	EXP 	target_square_2: autoDraw = False
140.3060 	EXP 	fixation_3: autoDraw = True
141.2976 	EXP 	New trial (rep=0, index=53): <Trial 53 (53 in rep 0) data={'location': [0, 0], 'corrAns': None, 'thisN': 53, 'thisTrialN': 53, 'thisRepN': 0}>
141.3052 	EXP 	grid_lines_2: autoDraw = False
141.3052 	EXP 	fixation_3: autoDraw = False
141.3052 	EXP 	grid_lines_2: autoDraw = False
141.3052 	EXP 	target_square_2: autoDraw = False
141.3052 	EXP 	fixation_3: autoDraw = False
141.3052 	EXP 	grid_lines_2: autoDraw = True
141.3052 	EXP 	target_square_2: autoDraw = True
142.2961 	EXP 	target_square_2: autoDraw = False
142.3139 	EXP 	fixation_3: autoDraw = True
143.2969 	EXP 	grid_lines_2: autoDraw = False
143.2978 	EXP 	New trial (rep=0, index=54): <Trial 54 (54 in rep 0) data={'location': [0.2, 0], 'corrAns': 'space', 'thisN': 54, 'thisTrialN': 54, 'thisRepN': 0}>
143.3058 	EXP 	fixation_3: autoDraw = False
143.3058 	EXP 	grid_lines_2: autoDraw = False
143.3058 	EXP 	target_square_2: autoDraw = False
143.3058 	EXP 	fixation_3: autoDraw = False
143.3058 	EXP 	grid_lines_2: autoDraw = True
143.3058 	EXP 	target_square_2: autoDraw = True
143.9480 	EXP 	Device response: <KeyPress from None: t=143.9454714000458, value=space, duration=None>
143.9497 	DATA 	Keypress: space
144.0898 	EXP 	Device response: <KeyPress from None: t=143.9454714000458, value=space, duration=0.1397273000329733>
144.2970 	EXP 	target_square_2: autoDraw = False
144.3043 	EXP 	fixation_3: autoDraw = True
145.2898 	EXP 	New trial (rep=0, index=55): <Trial 55 (55 in rep 0) data={'location': [0.2, -0.2], 'corrAns': None, 'thisN': 55, 'thisTrialN': 55, 'thisRepN': 0}>
145.2973 	EXP 	grid_lines_2: autoDraw = False
145.2973 	EXP 	fixation_3: autoDraw = False
145.2973 	EXP 	grid_lines_2: autoDraw = False
145.2973 	EXP 	target_square_2: autoDraw = False
145.2973 	EXP 	fixation_3: autoDraw = False
145.3058 	EXP 	grid_lines_2: autoDraw = True
145.3058 	EXP 	target_square_2: autoDraw = True
146.3044 	EXP 	target_square_2: autoDraw = False
146.3044 	EXP 	fixation_3: autoDraw = True
147.2893 	EXP 	New trial (rep=0, index=56): <Trial 56 (56 in rep 0) data={'location': [0, 0.2], 'corrAns': None, 'thisN': 56, 'thisTrialN': 56, 'thisRepN': 0}>
147.2966 	EXP 	grid_lines_2: autoDraw = False
147.2966 	EXP 	fixation_3: autoDraw = False
147.2966 	EXP 	grid_lines_2: autoDraw = False
147.2966 	EXP 	target_square_2: autoDraw = False
147.2966 	EXP 	fixation_3: autoDraw = False
147.3050 	EXP 	grid_lines_2: autoDraw = True
147.3050 	EXP 	target_square_2: autoDraw = True
148.2975 	EXP 	target_square_2: autoDraw = False
148.3062 	EXP 	fixation_3: autoDraw = True
149.2972 	EXP 	grid_lines_2: autoDraw = False
149.2980 	EXP 	New trial (rep=0, index=57): <Trial 57 (57 in rep 0) data={'location': [-0.2, 0], 'corrAns': None, 'thisN': 57, 'thisTrialN': 57, 'thisRepN': 0}>
149.3059 	EXP 	fixation_3: autoDraw = False
149.3059 	EXP 	grid_lines_2: autoDraw = False
149.3059 	EXP 	target_square_2: autoDraw = False
149.3059 	EXP 	fixation_3: autoDraw = False
149.3059 	EXP 	grid_lines_2: autoDraw = True
149.3059 	EXP 	target_square_2: autoDraw = True
150.2983 	EXP 	target_square_2: autoDraw = False
150.3067 	EXP 	fixation_3: autoDraw = True
151.2904 	EXP 	New trial (rep=0, index=58): <Trial 58 (58 in rep 0) data={'location': [-0.2, 0.2], 'corrAns': None, 'thisN': 58, 'thisTrialN': 58, 'thisRepN': 0}>
151.2979 	EXP 	grid_lines_2: autoDraw = False
151.2979 	EXP 	fixation_3: autoDraw = False
151.2979 	EXP 	grid_lines_2: autoDraw = False
151.2979 	EXP 	target_square_2: autoDraw = False
151.2979 	EXP 	fixation_3: autoDraw = False
151.3068 	EXP 	grid_lines_2: autoDraw = True
151.3068 	EXP 	target_square_2: autoDraw = True
152.2981 	EXP 	target_square_2: autoDraw = False
152.3067 	EXP 	fixation_3: autoDraw = True
153.2945 	EXP 	New trial (rep=0, index=59): <Trial 59 (59 in rep 0) data={'location': [-0.2, 0], 'corrAns': 'space', 'thisN': 59, 'thisTrialN': 59, 'thisRepN': 0}>
153.3040 	EXP 	grid_lines_2: autoDraw = False
153.3040 	EXP 	fixation_3: autoDraw = False
153.3040 	EXP 	grid_lines_2: autoDraw = False
153.3040 	EXP 	target_square_2: autoDraw = False
153.3040 	EXP 	fixation_3: autoDraw = False
153.3135 	EXP 	grid_lines_2: autoDraw = True
153.3135 	EXP 	target_square_2: autoDraw = True
154.1600 	EXP 	Device response: <KeyPress from None: t=154.15808870003093, value=space, duration=None>
154.1613 	DATA 	Keypress: space
154.2927 	EXP 	Device response: <KeyPress from None: t=154.15808870003093, value=space, duration=0.13190479995682836>
154.3092 	EXP 	target_square_2: autoDraw = False
154.3092 	EXP 	fixation_3: autoDraw = True
155.3023 	EXP 	fixation_3: autoDraw = False
155.3031 	EXP 	New trial (rep=0, index=60): <Trial 60 (60 in rep 0) data={'location': [-0.2, 0], 'corrAns': None, 'thisN': 60, 'thisTrialN': 60, 'thisRepN': 0}>
155.3104 	EXP 	grid_lines_2: autoDraw = False
155.3104 	EXP 	grid_lines_2: autoDraw = False
155.3104 	EXP 	target_square_2: autoDraw = False
155.3104 	EXP 	fixation_3: autoDraw = False
155.3104 	EXP 	grid_lines_2: autoDraw = True
155.3104 	EXP 	target_square_2: autoDraw = True
156.3026 	EXP 	target_square_2: autoDraw = False
156.3101 	EXP 	fixation_3: autoDraw = True
157.2945 	EXP 	New trial (rep=0, index=61): <Trial 61 (61 in rep 0) data={'location': [-0.2, 0], 'corrAns': 'space', 'thisN': 61, 'thisTrialN': 61, 'thisRepN': 0}>
157.3019 	EXP 	grid_lines_2: autoDraw = False
157.3019 	EXP 	fixation_3: autoDraw = False
157.3019 	EXP 	grid_lines_2: autoDraw = False
157.3019 	EXP 	target_square_2: autoDraw = False
157.3019 	EXP 	fixation_3: autoDraw = False
157.3106 	EXP 	grid_lines_2: autoDraw = True
157.3106 	EXP 	target_square_2: autoDraw = True
158.3020 	EXP 	target_square_2: autoDraw = False
158.3102 	EXP 	fixation_3: autoDraw = True
159.2963 	EXP 	New trial (rep=0, index=62): <Trial 62 (62 in rep 0) data={'location': [0, 0], 'corrAns': None, 'thisN': 62, 'thisTrialN': 62, 'thisRepN': 0}>
159.3022 	EXP 	grid_lines_2: autoDraw = False
159.3022 	EXP 	fixation_3: autoDraw = False
159.3022 	EXP 	grid_lines_2: autoDraw = False
159.3022 	EXP 	target_square_2: autoDraw = False
159.3022 	EXP 	fixation_3: autoDraw = False
159.3110 	EXP 	grid_lines_2: autoDraw = True
159.3110 	EXP 	target_square_2: autoDraw = True
160.3062 	EXP 	target_square_2: autoDraw = False
160.3062 	EXP 	fixation_3: autoDraw = True
161.2979 	EXP 	New trial (rep=0, index=63): <Trial 63 (63 in rep 0) data={'location': [0, -0.2], 'corrAns': None, 'thisN': 63, 'thisTrialN': 63, 'thisRepN': 0}>
161.3050 	EXP 	grid_lines_2: autoDraw = False
161.3050 	EXP 	fixation_3: autoDraw = False
161.3050 	EXP 	grid_lines_2: autoDraw = False
161.3050 	EXP 	target_square_2: autoDraw = False
161.3050 	EXP 	fixation_3: autoDraw = False
161.3050 	EXP 	grid_lines_2: autoDraw = True
161.3050 	EXP 	target_square_2: autoDraw = True
162.2969 	EXP 	target_square_2: autoDraw = False
162.3076 	EXP 	fixation_3: autoDraw = True
163.2975 	EXP 	grid_lines_2: autoDraw = False
163.2984 	EXP 	New trial (rep=0, index=64): <Trial 64 (64 in rep 0) data={'location': [0, 0.2], 'corrAns': None, 'thisN': 64, 'thisTrialN': 64, 'thisRepN': 0}>
163.3061 	EXP 	fixation_3: autoDraw = False
163.3061 	EXP 	grid_lines_2: autoDraw = False
163.3061 	EXP 	target_square_2: autoDraw = False
163.3061 	EXP 	fixation_3: autoDraw = False
163.3061 	EXP 	grid_lines_2: autoDraw = True
163.3061 	EXP 	target_square_2: autoDraw = True
164.2988 	EXP 	target_square_2: autoDraw = False
164.3058 	EXP 	fixation_3: autoDraw = True
165.2908 	EXP 	New trial (rep=0, index=65): <Trial 65 (65 in rep 0) data={'location': [0, -0.2], 'corrAns': 'space', 'thisN': 65, 'thisTrialN': 65, 'thisRepN': 0}>
165.2978 	EXP 	grid_lines_2: autoDraw = False
165.2978 	EXP 	fixation_3: autoDraw = False
165.2978 	EXP 	grid_lines_2: autoDraw = False
165.2978 	EXP 	target_square_2: autoDraw = False
165.2978 	EXP 	fixation_3: autoDraw = False
165.3058 	EXP 	grid_lines_2: autoDraw = True
165.3058 	EXP 	target_square_2: autoDraw = True
166.2972 	EXP 	target_square_2: autoDraw = False
166.3061 	EXP 	fixation_3: autoDraw = True
166.8830 	EXP 	Device response: <KeyPress from None: t=166.8780773000326, value=escape, duration=None>
166.8849 	DATA 	Keypress: escape
167.0742 	EXP 	Device response: <KeyPress from None: t=166.8780773000326, value=escape, duration=0.19143619993701577>
167.0743 	EXP 	untitled: status = STOPPED
167.0811 	EXP 	grid_lines_2: autoDraw = False
167.0811 	EXP 	fixation_3: autoDraw = False
167.0814 	EXP 	untitled: status = STOPPED
